{"/app/src/App.tsx": {"path":"/app/src/App.tsx","all":false,"statementMap":{"0":{"start":{"line":1,"column":0},"end":{"line":1,"column":26}},"1":{"start":{"line":2,"column":0},"end":{"line":2,"column":49}},"2":{"start":{"line":3,"column":0},"end":{"line":3,"column":54}},"3":{"start":{"line":4,"column":0},"end":{"line":4,"column":56}},"4":{"start":{"line":5,"column":0},"end":{"line":5,"column":52}},"5":{"start":{"line":6,"column":0},"end":{"line":6,"column":33}},"7":{"start":{"line":8,"column":0},"end":{"line":8,"column":29}},"8":{"start":{"line":9,"column":0},"end":{"line":9,"column":10}},"9":{"start":{"line":10,"column":0},"end":{"line":10,"column":19}},"10":{"start":{"line":11,"column":0},"end":{"line":11,"column":22}},"11":{"start":{"line":12,"column":0},"end":{"line":12,"column":20}},"12":{"start":{"line":13,"column":0},"end":{"line":13,"column":23}},"13":{"start":{"line":14,"column":0},"end":{"line":14,"column":23}},"14":{"start":{"line":15,"column":0},"end":{"line":15,"column":24}},"15":{"start":{"line":16,"column":0},"end":{"line":16,"column":21}},"16":{"start":{"line":17,"column":0},"end":{"line":17,"column":20}},"18":{"start":{"line":19,"column":0},"end":{"line":19,"column":2}},"20":{"start":{"line":21,"column":0},"end":{"line":21,"column":19}}},"s":{"0":1,"1":1,"2":1,"3":1,"4":1,"5":1,"7":1,"8":1,"9":1,"10":1,"11":1,"12":1,"13":1,"14":1,"15":1,"16":1,"18":1,"20":1},"branchMap":{"0":{"type":"branch","line":8,"loc":{"start":{"line":8,"column":22},"end":{"line":19,"column":2}},"locations":[{"start":{"line":8,"column":22},"end":{"line":19,"column":2}}]}},"b":{"0":[1]},"fnMap":{"0":{"name":"App","decl":{"start":{"line":8,"column":22},"end":{"line":19,"column":2}},"loc":{"start":{"line":8,"column":22},"end":{"line":19,"column":2}},"line":8}},"f":{"0":1}}
,"/app/src/main.tsx": {"path":"/app/src/main.tsx","all":false,"statementMap":{"0":{"start":{"line":1,"column":0},"end":{"line":1,"column":34}},"1":{"start":{"line":2,"column":0},"end":{"line":2,"column":45}},"2":{"start":{"line":3,"column":0},"end":{"line":3,"column":20}},"3":{"start":{"line":4,"column":0},"end":{"line":4,"column":27}},"5":{"start":{"line":6,"column":0},"end":{"line":6,"column":52}},"6":{"start":{"line":7,"column":0},"end":{"line":7,"column":14}},"7":{"start":{"line":8,"column":0},"end":{"line":8,"column":11}},"8":{"start":{"line":9,"column":0},"end":{"line":9,"column":16}},"9":{"start":{"line":10,"column":0},"end":{"line":10,"column":1}}},"s":{"0":1,"1":1,"2":1,"3":1,"5":1,"6":1,"7":1,"8":1,"9":1},"branchMap":{},"b":{},"fnMap":{},"f":{}}
,"/app/src/components/CommentForm/index.tsx": {"path":"/app/src/components/CommentForm/index.tsx","all":false,"statementMap":{"0":{"start":{"line":1,"column":0},"end":{"line":1,"column":51}},"1":{"start":{"line":2,"column":0},"end":{"line":2,"column":66}},"2":{"start":{"line":3,"column":0},"end":{"line":3,"column":53}},"3":{"start":{"line":4,"column":0},"end":{"line":4,"column":38}},"5":{"start":{"line":6,"column":0},"end":{"line":6,"column":9}},"25":{"start":{"line":26,"column":0},"end":{"line":26,"column":76}},"26":{"start":{"line":27,"column":0},"end":{"line":27,"column":46}},"27":{"start":{"line":28,"column":0},"end":{"line":28,"column":45}},"28":{"start":{"line":29,"column":0},"end":{"line":29,"column":58}},"29":{"start":{"line":30,"column":0},"end":{"line":30,"column":66}},"30":{"start":{"line":31,"column":0},"end":{"line":31,"column":47}},"31":{"start":{"line":32,"column":0},"end":{"line":32,"column":48}},"33":{"start":{"line":34,"column":0},"end":{"line":34,"column":19}},"34":{"start":{"line":35,"column":0},"end":{"line":35,"column":38}},"35":{"start":{"line":36,"column":0},"end":{"line":36,"column":20}},"36":{"start":{"line":37,"column":0},"end":{"line":37,"column":25}},"37":{"start":{"line":38,"column":0},"end":{"line":38,"column":13}},"38":{"start":{"line":39,"column":0},"end":{"line":39,"column":76}},"39":{"start":{"line":40,"column":0},"end":{"line":40,"column":37}},"40":{"start":{"line":41,"column":0},"end":{"line":41,"column":25}},"41":{"start":{"line":42,"column":0},"end":{"line":42,"column":64}},"42":{"start":{"line":43,"column":0},"end":{"line":43,"column":19}},"43":{"start":{"line":44,"column":0},"end":{"line":44,"column":28}},"44":{"start":{"line":45,"column":0},"end":{"line":45,"column":9}},"45":{"start":{"line":46,"column":0},"end":{"line":46,"column":7}},"46":{"start":{"line":47,"column":0},"end":{"line":47,"column":6}},"48":{"start":{"line":49,"column":0},"end":{"line":49,"column":19}},"49":{"start":{"line":50,"column":0},"end":{"line":50,"column":16}},"51":{"start":{"line":52,"column":0},"end":{"line":52,"column":48}},"52":{"start":{"line":53,"column":0},"end":{"line":53,"column":23}},"53":{"start":{"line":54,"column":0},"end":{"line":54,"column":27}},"54":{"start":{"line":55,"column":0},"end":{"line":55,"column":56}},"55":{"start":{"line":56,"column":0},"end":{"line":56,"column":13}},"56":{"start":{"line":57,"column":0},"end":{"line":57,"column":5}},"58":{"start":{"line":59,"column":0},"end":{"line":59,"column":36}},"59":{"start":{"line":60,"column":0},"end":{"line":60,"column":35}},"60":{"start":{"line":61,"column":0},"end":{"line":61,"column":34}},"61":{"start":{"line":62,"column":0},"end":{"line":62,"column":16}},"62":{"start":{"line":63,"column":0},"end":{"line":63,"column":31}},"63":{"start":{"line":64,"column":0},"end":{"line":64,"column":42}},"64":{"start":{"line":65,"column":0},"end":{"line":65,"column":32}},"65":{"start":{"line":66,"column":0},"end":{"line":66,"column":29}},"66":{"start":{"line":67,"column":0},"end":{"line":67,"column":8}},"68":{"start":{"line":69,"column":0},"end":{"line":69,"column":45}},"69":{"start":{"line":70,"column":0},"end":{"line":70,"column":21}},"70":{"start":{"line":71,"column":0},"end":{"line":71,"column":31}},"71":{"start":{"line":72,"column":0},"end":{"line":72,"column":5}},"72":{"start":{"line":73,"column":0},"end":{"line":73,"column":4}},"74":{"start":{"line":75,"column":0},"end":{"line":75,"column":66}},"75":{"start":{"line":76,"column":0},"end":{"line":76,"column":28}},"76":{"start":{"line":77,"column":0},"end":{"line":77,"column":29}},"77":{"start":{"line":78,"column":0},"end":{"line":78,"column":4}},"79":{"start":{"line":80,"column":0},"end":{"line":80,"column":49}},"80":{"start":{"line":81,"column":0},"end":{"line":81,"column":26}},"81":{"start":{"line":82,"column":0},"end":{"line":82,"column":36}},"82":{"start":{"line":83,"column":0},"end":{"line":83,"column":27}},"83":{"start":{"line":84,"column":0},"end":{"line":84,"column":46}},"84":{"start":{"line":85,"column":0},"end":{"line":85,"column":13}},"85":{"start":{"line":86,"column":0},"end":{"line":86,"column":9}},"86":{"start":{"line":87,"column":0},"end":{"line":87,"column":25}},"87":{"start":{"line":88,"column":0},"end":{"line":88,"column":22}},"88":{"start":{"line":89,"column":0},"end":{"line":89,"column":5}},"89":{"start":{"line":90,"column":0},"end":{"line":90,"column":4}},"91":{"start":{"line":92,"column":0},"end":{"line":92,"column":34}},"92":{"start":{"line":93,"column":0},"end":{"line":93,"column":23}},"93":{"start":{"line":94,"column":0},"end":{"line":94,"column":20}},"94":{"start":{"line":95,"column":0},"end":{"line":95,"column":4}},"96":{"start":{"line":97,"column":0},"end":{"line":97,"column":47}},"97":{"start":{"line":98,"column":0},"end":{"line":98,"column":76}},"98":{"start":{"line":99,"column":0},"end":{"line":99,"column":60}},"99":{"start":{"line":100,"column":0},"end":{"line":100,"column":5}},"100":{"start":{"line":101,"column":0},"end":{"line":101,"column":4}},"102":{"start":{"line":103,"column":0},"end":{"line":103,"column":53}},"103":{"start":{"line":104,"column":0},"end":{"line":104,"column":57}},"104":{"start":{"line":105,"column":0},"end":{"line":105,"column":4}},"106":{"start":{"line":107,"column":0},"end":{"line":107,"column":25}},"107":{"start":{"line":108,"column":0},"end":{"line":108,"column":12}},"108":{"start":{"line":109,"column":0},"end":{"line":109,"column":11}},"109":{"start":{"line":110,"column":0},"end":{"line":110,"column":21}},"110":{"start":{"line":111,"column":0},"end":{"line":111,"column":78}},"111":{"start":{"line":112,"column":0},"end":{"line":112,"column":57}},"112":{"start":{"line":113,"column":0},"end":{"line":113,"column":22}},"113":{"start":{"line":114,"column":0},"end":{"line":114,"column":12}},"115":{"start":{"line":116,"column":0},"end":{"line":116,"column":3}},"117":{"start":{"line":118,"column":0},"end":{"line":118,"column":10}},"118":{"start":{"line":119,"column":0},"end":{"line":119,"column":9}},"119":{"start":{"line":120,"column":0},"end":{"line":120,"column":45}},"120":{"start":{"line":121,"column":0},"end":{"line":121,"column":17}},"121":{"start":{"line":122,"column":0},"end":{"line":122,"column":25}},"122":{"start":{"line":123,"column":0},"end":{"line":123,"column":54}},"123":{"start":{"line":124,"column":0},"end":{"line":124,"column":61}},"124":{"start":{"line":125,"column":0},"end":{"line":125,"column":18}},"125":{"start":{"line":126,"column":0},"end":{"line":126,"column":18}},"126":{"start":{"line":127,"column":0},"end":{"line":127,"column":10}},"127":{"start":{"line":128,"column":0},"end":{"line":128,"column":36}},"129":{"start":{"line":130,"column":0},"end":{"line":130,"column":23}},"130":{"start":{"line":131,"column":0},"end":{"line":131,"column":22}},"132":{"start":{"line":133,"column":0},"end":{"line":133,"column":20}},"133":{"start":{"line":134,"column":0},"end":{"line":134,"column":20}},"134":{"start":{"line":135,"column":0},"end":{"line":135,"column":42}},"136":{"start":{"line":137,"column":0},"end":{"line":137,"column":41}},"137":{"start":{"line":138,"column":0},"end":{"line":138,"column":46}},"138":{"start":{"line":139,"column":0},"end":{"line":139,"column":67}},"139":{"start":{"line":140,"column":0},"end":{"line":140,"column":92}},"141":{"start":{"line":142,"column":0},"end":{"line":142,"column":47}},"142":{"start":{"line":143,"column":0},"end":{"line":143,"column":21}},"143":{"start":{"line":144,"column":0},"end":{"line":144,"column":31}},"144":{"start":{"line":145,"column":0},"end":{"line":145,"column":36}},"145":{"start":{"line":146,"column":0},"end":{"line":146,"column":65}},"146":{"start":{"line":147,"column":0},"end":{"line":147,"column":28}},"147":{"start":{"line":148,"column":0},"end":{"line":148,"column":20}},"148":{"start":{"line":149,"column":0},"end":{"line":149,"column":34}},"149":{"start":{"line":150,"column":0},"end":{"line":150,"column":34}},"150":{"start":{"line":151,"column":0},"end":{"line":151,"column":68}},"151":{"start":{"line":152,"column":0},"end":{"line":152,"column":37}},"152":{"start":{"line":153,"column":0},"end":{"line":153,"column":36}},"154":{"start":{"line":155,"column":0},"end":{"line":155,"column":32}},"155":{"start":{"line":156,"column":0},"end":{"line":156,"column":35}},"156":{"start":{"line":157,"column":0},"end":{"line":157,"column":34}},"157":{"start":{"line":158,"column":0},"end":{"line":158,"column":48}},"158":{"start":{"line":159,"column":0},"end":{"line":159,"column":37}},"159":{"start":{"line":160,"column":0},"end":{"line":160,"column":38}},"161":{"start":{"line":162,"column":0},"end":{"line":162,"column":33}},"162":{"start":{"line":163,"column":0},"end":{"line":163,"column":35}},"163":{"start":{"line":164,"column":0},"end":{"line":164,"column":35}},"164":{"start":{"line":165,"column":0},"end":{"line":165,"column":22}},"166":{"start":{"line":167,"column":0},"end":{"line":167,"column":21}},"167":{"start":{"line":168,"column":0},"end":{"line":168,"column":66}},"168":{"start":{"line":169,"column":0},"end":{"line":169,"column":58}},"169":{"start":{"line":170,"column":0},"end":{"line":170,"column":36}},"170":{"start":{"line":171,"column":0},"end":{"line":171,"column":36}},"171":{"start":{"line":172,"column":0},"end":{"line":172,"column":87}},"172":{"start":{"line":173,"column":0},"end":{"line":173,"column":39}},"173":{"start":{"line":174,"column":0},"end":{"line":174,"column":38}},"175":{"start":{"line":176,"column":0},"end":{"line":176,"column":34}},"176":{"start":{"line":177,"column":0},"end":{"line":177,"column":37}},"177":{"start":{"line":178,"column":0},"end":{"line":178,"column":36}},"178":{"start":{"line":179,"column":0},"end":{"line":179,"column":68}},"179":{"start":{"line":180,"column":0},"end":{"line":180,"column":39}},"180":{"start":{"line":181,"column":0},"end":{"line":181,"column":39}},"182":{"start":{"line":183,"column":0},"end":{"line":183,"column":35}},"183":{"start":{"line":184,"column":0},"end":{"line":184,"column":37}},"184":{"start":{"line":185,"column":0},"end":{"line":185,"column":37}},"186":{"start":{"line":187,"column":0},"end":{"line":187,"column":22}},"188":{"start":{"line":189,"column":0},"end":{"line":189,"column":26}},"189":{"start":{"line":190,"column":0},"end":{"line":190,"column":12}},"191":{"start":{"line":192,"column":0},"end":{"line":192,"column":21}},"192":{"start":{"line":193,"column":0},"end":{"line":193,"column":10}},"194":{"start":{"line":195,"column":0},"end":{"line":195,"column":2}},"196":{"start":{"line":197,"column":0},"end":{"line":197,"column":27}}},"s":{"0":1,"1":1,"2":1,"3":1,"5":1,"25":1,"26":17,"27":17,"28":17,"29":17,"30":17,"31":17,"33":17,"34":5,"35":5,"36":5,"37":5,"38":5,"39":5,"40":5,"41":0,"42":5,"43":5,"44":5,"45":5,"46":5,"48":5,"49":17,"51":17,"52":0,"53":0,"54":0,"55":0,"56":0,"58":0,"59":0,"60":0,"61":0,"62":0,"63":0,"64":0,"65":0,"66":0,"68":0,"69":0,"70":0,"71":0,"72":0,"74":17,"75":1,"76":1,"77":1,"79":17,"80":1,"81":1,"82":1,"83":1,"84":0,"85":1,"86":1,"87":1,"88":1,"89":1,"91":17,"92":0,"93":0,"94":0,"96":17,"97":1,"98":1,"99":1,"100":1,"102":17,"103":4,"104":4,"106":17,"107":2,"108":2,"109":2,"110":2,"111":2,"112":2,"113":2,"115":2,"117":15,"118":15,"119":15,"120":15,"121":15,"122":15,"123":15,"124":15,"125":15,"126":15,"127":15,"129":15,"130":15,"132":15,"133":15,"134":4,"136":11,"137":6,"138":6,"139":6,"141":6,"142":2,"143":2,"144":2,"145":2,"146":2,"147":2,"148":2,"149":2,"150":2,"151":2,"152":2,"154":2,"155":2,"156":2,"157":2,"158":2,"159":2,"161":2,"162":2,"163":2,"164":2,"166":4,"167":4,"168":4,"169":4,"170":4,"171":4,"172":4,"173":4,"175":4,"176":4,"177":4,"178":4,"179":4,"180":4,"182":4,"183":4,"184":4,"186":4,"188":6,"189":11,"191":17,"192":17,"194":17,"196":1},"branchMap":{"0":{"type":"branch","line":26,"loc":{"start":{"line":26,"column":48},"end":{"line":195,"column":2}},"locations":[{"start":{"line":26,"column":48},"end":{"line":195,"column":2}}]},"1":{"type":"branch","line":107,"loc":{"start":{"line":107,"column":24},"end":{"line":116,"column":3}},"locations":[{"start":{"line":107,"column":24},"end":{"line":116,"column":3}}]},"2":{"type":"branch","line":116,"loc":{"start":{"line":116,"column":2},"end":{"line":134,"column":20}},"locations":[{"start":{"line":116,"column":2},"end":{"line":134,"column":20}}]},"3":{"type":"branch","line":134,"loc":{"start":{"line":134,"column":9},"end":{"line":135,"column":42}},"locations":[{"start":{"line":134,"column":9},"end":{"line":135,"column":42}}]},"4":{"type":"branch","line":135,"loc":{"start":{"line":135,"column":38},"end":{"line":190,"column":12}},"locations":[{"start":{"line":135,"column":38},"end":{"line":190,"column":12}}]},"5":{"type":"branch","line":34,"loc":{"start":{"line":34,"column":12},"end":{"line":50,"column":5}},"locations":[{"start":{"line":34,"column":12},"end":{"line":50,"column":5}}]},"6":{"type":"branch","line":35,"loc":{"start":{"line":35,"column":25},"end":{"line":47,"column":6}},"locations":[{"start":{"line":35,"column":25},"end":{"line":47,"column":6}}]},"7":{"type":"branch","line":41,"loc":{"start":{"line":41,"column":8},"end":{"line":43,"column":10}},"locations":[{"start":{"line":41,"column":8},"end":{"line":43,"column":10}}]},"8":{"type":"branch","line":75,"loc":{"start":{"line":75,"column":21},"end":{"line":78,"column":4}},"locations":[{"start":{"line":75,"column":21},"end":{"line":78,"column":4}}]},"9":{"type":"branch","line":80,"loc":{"start":{"line":80,"column":25},"end":{"line":90,"column":4}},"locations":[{"start":{"line":80,"column":25},"end":{"line":90,"column":4}}]},"10":{"type":"branch","line":82,"loc":{"start":{"line":82,"column":31},"end":{"line":85,"column":13}},"locations":[{"start":{"line":82,"column":31},"end":{"line":85,"column":13}}]},"11":{"type":"branch","line":84,"loc":{"start":{"line":84,"column":45},"end":{"line":85,"column":13}},"locations":[{"start":{"line":84,"column":45},"end":{"line":85,"column":13}}]},"12":{"type":"branch","line":97,"loc":{"start":{"line":97,"column":23},"end":{"line":101,"column":4}},"locations":[{"start":{"line":97,"column":23},"end":{"line":101,"column":4}}]},"13":{"type":"branch","line":99,"loc":{"start":{"line":99,"column":34},"end":{"line":99,"column":57}},"locations":[{"start":{"line":99,"column":34},"end":{"line":99,"column":57}}]},"14":{"type":"branch","line":103,"loc":{"start":{"line":103,"column":25},"end":{"line":105,"column":4}},"locations":[{"start":{"line":103,"column":25},"end":{"line":105,"column":4}}]},"15":{"type":"branch","line":137,"loc":{"start":{"line":137,"column":23},"end":{"line":189,"column":26}},"locations":[{"start":{"line":137,"column":23},"end":{"line":189,"column":26}}]},"16":{"type":"branch","line":142,"loc":{"start":{"line":142,"column":41},"end":{"line":165,"column":22}},"locations":[{"start":{"line":142,"column":41},"end":{"line":165,"column":22}}]},"17":{"type":"branch","line":165,"loc":{"start":{"line":165,"column":16},"end":{"line":187,"column":22}},"locations":[{"start":{"line":165,"column":16},"end":{"line":187,"column":22}}]},"18":{"type":"branch","line":146,"loc":{"start":{"line":146,"column":30},"end":{"line":146,"column":65}},"locations":[{"start":{"line":146,"column":30},"end":{"line":146,"column":65}}]},"19":{"type":"branch","line":151,"loc":{"start":{"line":151,"column":31},"end":{"line":151,"column":68}},"locations":[{"start":{"line":151,"column":31},"end":{"line":151,"column":68}}]},"20":{"type":"branch","line":172,"loc":{"start":{"line":172,"column":33},"end":{"line":172,"column":87}},"locations":[{"start":{"line":172,"column":33},"end":{"line":172,"column":87}}]},"21":{"type":"branch","line":179,"loc":{"start":{"line":179,"column":33},"end":{"line":179,"column":68}},"locations":[{"start":{"line":179,"column":33},"end":{"line":179,"column":68}}]}},"b":{"0":[17],"1":[2],"2":[15],"3":[4],"4":[11],"5":[5],"6":[5],"7":[0],"8":[1],"9":[1],"10":[1],"11":[0],"12":[1],"13":[1],"14":[4],"15":[6],"16":[2],"17":[4],"18":[1],"19":[1],"20":[1],"21":[1]},"fnMap":{"0":{"name":"CommentForm","decl":{"start":{"line":26,"column":48},"end":{"line":195,"column":2}},"loc":{"start":{"line":26,"column":48},"end":{"line":195,"column":2}},"line":26},"1":{"name":"loadComments","decl":{"start":{"line":35,"column":25},"end":{"line":47,"column":6}},"loc":{"start":{"line":35,"column":25},"end":{"line":47,"column":6}},"line":35},"2":{"name":"handleSubmit","decl":{"start":{"line":52,"column":23},"end":{"line":73,"column":4}},"loc":{"start":{"line":52,"column":23},"end":{"line":73,"column":4}},"line":52},"3":{"name":"handleEdit","decl":{"start":{"line":75,"column":21},"end":{"line":78,"column":4}},"loc":{"start":{"line":75,"column":21},"end":{"line":78,"column":4}},"line":75},"4":{"name":"handleSaveEdit","decl":{"start":{"line":80,"column":25},"end":{"line":90,"column":4}},"loc":{"start":{"line":80,"column":25},"end":{"line":90,"column":4}},"line":80},"5":{"name":"handleCancelEdit","decl":{"start":{"line":92,"column":27},"end":{"line":95,"column":4}},"loc":{"start":{"line":92,"column":27},"end":{"line":95,"column":4}},"line":92},"6":{"name":"handleDelete","decl":{"start":{"line":97,"column":23},"end":{"line":101,"column":4}},"loc":{"start":{"line":97,"column":23},"end":{"line":101,"column":4}},"line":97},"7":{"name":"canEditComment","decl":{"start":{"line":103,"column":25},"end":{"line":105,"column":4}},"loc":{"start":{"line":103,"column":25},"end":{"line":105,"column":4}},"line":103},"8":{"name":"onChange","decl":{"start":{"line":123,"column":20},"end":{"line":123,"column":54}},"loc":{"start":{"line":123,"column":20},"end":{"line":123,"column":54}},"line":123},"9":{"name":"onChange","decl":{"start":{"line":146,"column":30},"end":{"line":146,"column":65}},"loc":{"start":{"line":146,"column":30},"end":{"line":146,"column":65}},"line":146},"10":{"name":"onClick","decl":{"start":{"line":151,"column":31},"end":{"line":151,"column":68}},"loc":{"start":{"line":151,"column":31},"end":{"line":151,"column":68}},"line":151},"11":{"name":"onClick","decl":{"start":{"line":172,"column":33},"end":{"line":172,"column":87}},"loc":{"start":{"line":172,"column":33},"end":{"line":172,"column":87}},"line":172},"12":{"name":"onClick","decl":{"start":{"line":179,"column":33},"end":{"line":179,"column":68}},"loc":{"start":{"line":179,"column":33},"end":{"line":179,"column":68}},"line":179}},"f":{"0":17,"1":5,"2":0,"3":1,"4":1,"5":0,"6":1,"7":4,"8":0,"9":1,"10":1,"11":1,"12":1}}
,"/app/src/components/CommentForm/styles.ts": {"path":"/app/src/components/CommentForm/styles.ts","all":false,"statementMap":{"0":{"start":{"line":1,"column":0},"end":{"line":1,"column":39}},"2":{"start":{"line":3,"column":0},"end":{"line":3,"column":41}},"20":{"start":{"line":21,"column":0},"end":{"line":21,"column":40}},"49":{"start":{"line":50,"column":0},"end":{"line":50,"column":45}},"54":{"start":{"line":55,"column":0},"end":{"line":55,"column":42}},"84":{"start":{"line":85,"column":0},"end":{"line":85,"column":39}},"98":{"start":{"line":99,"column":0},"end":{"line":99,"column":38}},"114":{"start":{"line":115,"column":0},"end":{"line":115,"column":39}},"125":{"start":{"line":126,"column":0},"end":{"line":126,"column":39}},"136":{"start":{"line":137,"column":0},"end":{"line":137,"column":36}},"147":{"start":{"line":148,"column":0},"end":{"line":148,"column":41}},"157":{"start":{"line":158,"column":0},"end":{"line":158,"column":61}},"158":{"start":{"line":159,"column":0},"end":{"line":159,"column":38}},"193":{"start":{"line":194,"column":0},"end":{"line":194,"column":38}}},"s":{"0":1,"2":1,"20":1,"49":1,"54":1,"84":1,"98":1,"114":1,"125":1,"136":1,"147":1,"157":1,"158":1,"193":1},"branchMap":{"0":{"type":"branch","line":159,"loc":{"start":{"line":159,"column":16},"end":{"line":159,"column":36}},"locations":[{"start":{"line":159,"column":16},"end":{"line":159,"column":36}}]}},"b":{"0":[12]},"fnMap":{},"f":{}}
,"/app/src/components/ContactForm/index.tsx": {"path":"/app/src/components/ContactForm/index.tsx","all":false,"statementMap":{"0":{"start":{"line":1,"column":0},"end":{"line":1,"column":40}},"2":{"start":{"line":3,"column":0},"end":{"line":3,"column":8}},"22":{"start":{"line":23,"column":0},"end":{"line":23,"column":50}},"23":{"start":{"line":24,"column":0},"end":{"line":24,"column":11}},"24":{"start":{"line":25,"column":0},"end":{"line":25,"column":24}},"25":{"start":{"line":26,"column":0},"end":{"line":26,"column":66}},"26":{"start":{"line":27,"column":0},"end":{"line":27,"column":20}},"27":{"start":{"line":28,"column":0},"end":{"line":28,"column":18}},"28":{"start":{"line":29,"column":0},"end":{"line":29,"column":7}},"29":{"start":{"line":30,"column":0},"end":{"line":30,"column":61}},"30":{"start":{"line":31,"column":0},"end":{"line":31,"column":13}},"31":{"start":{"line":32,"column":0},"end":{"line":32,"column":14}},"32":{"start":{"line":33,"column":0},"end":{"line":33,"column":15}},"33":{"start":{"line":34,"column":0},"end":{"line":34,"column":5}},"34":{"start":{"line":35,"column":0},"end":{"line":35,"column":68}},"36":{"start":{"line":37,"column":0},"end":{"line":37,"column":30}},"37":{"start":{"line":38,"column":0},"end":{"line":38,"column":50}},"39":{"start":{"line":40,"column":0},"end":{"line":40,"column":32}},"40":{"start":{"line":41,"column":0},"end":{"line":41,"column":44}},"41":{"start":{"line":42,"column":0},"end":{"line":42,"column":49}},"42":{"start":{"line":43,"column":0},"end":{"line":43,"column":63}},"43":{"start":{"line":44,"column":0},"end":{"line":44,"column":5}},"45":{"start":{"line":46,"column":0},"end":{"line":46,"column":33}},"46":{"start":{"line":47,"column":0},"end":{"line":47,"column":47}},"47":{"start":{"line":48,"column":0},"end":{"line":48,"column":54}},"48":{"start":{"line":49,"column":0},"end":{"line":49,"column":42}},"49":{"start":{"line":50,"column":0},"end":{"line":50,"column":5}},"51":{"start":{"line":52,"column":0},"end":{"line":52,"column":35}},"52":{"start":{"line":53,"column":0},"end":{"line":53,"column":51}},"53":{"start":{"line":54,"column":0},"end":{"line":54,"column":53}},"54":{"start":{"line":55,"column":0},"end":{"line":55,"column":71}},"55":{"start":{"line":56,"column":0},"end":{"line":56,"column":5}},"57":{"start":{"line":58,"column":0},"end":{"line":58,"column":25}},"58":{"start":{"line":59,"column":0},"end":{"line":59,"column":47}},"59":{"start":{"line":60,"column":0},"end":{"line":60,"column":4}},"61":{"start":{"line":62,"column":0},"end":{"line":62,"column":48}},"62":{"start":{"line":63,"column":0},"end":{"line":63,"column":23}},"64":{"start":{"line":65,"column":0},"end":{"line":65,"column":26}},"65":{"start":{"line":66,"column":0},"end":{"line":66,"column":13}},"66":{"start":{"line":67,"column":0},"end":{"line":67,"column":5}},"68":{"start":{"line":69,"column":0},"end":{"line":69,"column":14}},"69":{"start":{"line":70,"column":0},"end":{"line":70,"column":33}},"70":{"start":{"line":71,"column":0},"end":{"line":71,"column":35}},"71":{"start":{"line":72,"column":0},"end":{"line":72,"column":38}},"72":{"start":{"line":73,"column":0},"end":{"line":73,"column":7}},"73":{"start":{"line":74,"column":0},"end":{"line":74,"column":4}},"75":{"start":{"line":76,"column":0},"end":{"line":76,"column":78}},"76":{"start":{"line":77,"column":0},"end":{"line":77,"column":26}},"77":{"start":{"line":78,"column":0},"end":{"line":78,"column":14}},"78":{"start":{"line":79,"column":0},"end":{"line":79,"column":20}},"79":{"start":{"line":80,"column":0},"end":{"line":80,"column":8}},"82":{"start":{"line":83,"column":0},"end":{"line":83,"column":24}},"83":{"start":{"line":84,"column":0},"end":{"line":84,"column":26}},"84":{"start":{"line":85,"column":0},"end":{"line":85,"column":16}},"85":{"start":{"line":86,"column":0},"end":{"line":86,"column":19}},"86":{"start":{"line":87,"column":0},"end":{"line":87,"column":10}},"87":{"start":{"line":88,"column":0},"end":{"line":88,"column":5}},"88":{"start":{"line":89,"column":0},"end":{"line":89,"column":4}},"90":{"start":{"line":91,"column":0},"end":{"line":91,"column":10}},"91":{"start":{"line":92,"column":0},"end":{"line":92,"column":19}},"92":{"start":{"line":93,"column":0},"end":{"line":93,"column":21}},"93":{"start":{"line":94,"column":0},"end":{"line":94,"column":10}},"94":{"start":{"line":95,"column":0},"end":{"line":95,"column":40}},"95":{"start":{"line":96,"column":0},"end":{"line":96,"column":49}},"96":{"start":{"line":97,"column":0},"end":{"line":97,"column":11}},"99":{"start":{"line":100,"column":0},"end":{"line":100,"column":36}},"100":{"start":{"line":101,"column":0},"end":{"line":101,"column":20}},"101":{"start":{"line":102,"column":0},"end":{"line":102,"column":16}},"102":{"start":{"line":103,"column":0},"end":{"line":103,"column":23}},"103":{"start":{"line":104,"column":0},"end":{"line":104,"column":34}},"104":{"start":{"line":105,"column":0},"end":{"line":105,"column":33}},"105":{"start":{"line":106,"column":0},"end":{"line":106,"column":71}},"106":{"start":{"line":107,"column":0},"end":{"line":107,"column":32}},"107":{"start":{"line":108,"column":0},"end":{"line":108,"column":20}},"108":{"start":{"line":109,"column":0},"end":{"line":109,"column":12}},"109":{"start":{"line":110,"column":0},"end":{"line":110,"column":69}},"110":{"start":{"line":111,"column":0},"end":{"line":111,"column":21}},"112":{"start":{"line":113,"column":0},"end":{"line":113,"column":20}},"113":{"start":{"line":114,"column":0},"end":{"line":114,"column":16}},"114":{"start":{"line":115,"column":0},"end":{"line":115,"column":24}},"115":{"start":{"line":116,"column":0},"end":{"line":116,"column":32}},"116":{"start":{"line":117,"column":0},"end":{"line":117,"column":34}},"117":{"start":{"line":118,"column":0},"end":{"line":118,"column":72}},"118":{"start":{"line":119,"column":0},"end":{"line":119,"column":32}},"119":{"start":{"line":120,"column":0},"end":{"line":120,"column":20}},"120":{"start":{"line":121,"column":0},"end":{"line":121,"column":12}},"121":{"start":{"line":122,"column":0},"end":{"line":122,"column":71}},"122":{"start":{"line":123,"column":0},"end":{"line":123,"column":21}},"124":{"start":{"line":125,"column":0},"end":{"line":125,"column":20}},"125":{"start":{"line":126,"column":0},"end":{"line":126,"column":19}},"126":{"start":{"line":127,"column":0},"end":{"line":127,"column":45}},"127":{"start":{"line":128,"column":0},"end":{"line":128,"column":36}},"128":{"start":{"line":129,"column":0},"end":{"line":129,"column":74}},"129":{"start":{"line":130,"column":0},"end":{"line":130,"column":20}},"130":{"start":{"line":131,"column":0},"end":{"line":131,"column":32}},"131":{"start":{"line":132,"column":0},"end":{"line":132,"column":20}},"132":{"start":{"line":133,"column":0},"end":{"line":133,"column":12}},"133":{"start":{"line":134,"column":0},"end":{"line":134,"column":75}},"134":{"start":{"line":135,"column":0},"end":{"line":135,"column":21}},"136":{"start":{"line":137,"column":0},"end":{"line":137,"column":57}},"137":{"start":{"line":138,"column":0},"end":{"line":138,"column":48}},"138":{"start":{"line":139,"column":0},"end":{"line":139,"column":23}},"139":{"start":{"line":140,"column":0},"end":{"line":140,"column":13}},"140":{"start":{"line":141,"column":0},"end":{"line":141,"column":20}},"142":{"start":{"line":143,"column":0},"end":{"line":143,"column":2}},"144":{"start":{"line":145,"column":0},"end":{"line":145,"column":27}}},"s":{"0":1,"2":1,"22":1,"23":28,"24":28,"25":28,"26":28,"27":28,"28":28,"29":28,"30":28,"31":28,"32":28,"33":28,"34":28,"36":28,"37":0,"39":0,"40":0,"41":0,"42":0,"43":0,"45":0,"46":0,"47":0,"48":0,"49":0,"51":0,"52":0,"53":0,"54":0,"55":0,"57":0,"58":0,"59":0,"61":28,"62":0,"64":0,"65":0,"66":0,"68":0,"69":0,"70":0,"71":0,"72":0,"73":0,"75":28,"76":25,"77":25,"78":25,"79":25,"82":25,"83":0,"84":0,"85":0,"86":0,"87":0,"88":25,"90":28,"91":28,"92":28,"93":28,"94":28,"95":28,"96":28,"99":28,"100":28,"101":28,"102":28,"103":28,"104":28,"105":28,"106":28,"107":28,"108":28,"109":28,"110":28,"112":28,"113":28,"114":28,"115":28,"116":28,"117":28,"118":28,"119":28,"120":28,"121":28,"122":28,"124":28,"125":28,"126":28,"127":28,"128":28,"129":28,"130":28,"131":28,"132":28,"133":28,"134":28,"136":28,"137":28,"138":28,"139":28,"140":28,"142":28,"144":1},"branchMap":{"0":{"type":"branch","line":23,"loc":{"start":{"line":23,"column":48},"end":{"line":143,"column":2}},"locations":[{"start":{"line":23,"column":48},"end":{"line":143,"column":2}}]},"1":{"type":"branch","line":110,"loc":{"start":{"line":110,"column":18},"end":{"line":110,"column":69}},"locations":[{"start":{"line":110,"column":18},"end":{"line":110,"column":69}}]},"2":{"type":"branch","line":122,"loc":{"start":{"line":122,"column":18},"end":{"line":122,"column":71}},"locations":[{"start":{"line":122,"column":18},"end":{"line":122,"column":71}}]},"3":{"type":"branch","line":134,"loc":{"start":{"line":134,"column":18},"end":{"line":134,"column":75}},"locations":[{"start":{"line":134,"column":18},"end":{"line":134,"column":75}}]},"4":{"type":"branch","line":138,"loc":{"start":{"line":138,"column":11},"end":{"line":138,"column":39}},"locations":[{"start":{"line":138,"column":11},"end":{"line":138,"column":39}}]},"5":{"type":"branch","line":76,"loc":{"start":{"line":76,"column":28},"end":{"line":89,"column":4}},"locations":[{"start":{"line":76,"column":28},"end":{"line":89,"column":4}}]},"6":{"type":"branch","line":83,"loc":{"start":{"line":83,"column":23},"end":{"line":88,"column":5}},"locations":[{"start":{"line":83,"column":23},"end":{"line":88,"column":5}}]},"7":{"type":"branch","line":77,"loc":{"start":{"line":77,"column":16},"end":{"line":80,"column":6}},"locations":[{"start":{"line":77,"column":16},"end":{"line":80,"column":6}}]},"8":{"type":"branch","line":106,"loc":{"start":{"line":106,"column":22},"end":{"line":106,"column":71}},"locations":[{"start":{"line":106,"column":22},"end":{"line":106,"column":71}}]},"9":{"type":"branch","line":118,"loc":{"start":{"line":118,"column":22},"end":{"line":118,"column":72}},"locations":[{"start":{"line":118,"column":22},"end":{"line":118,"column":72}}]},"10":{"type":"branch","line":129,"loc":{"start":{"line":129,"column":22},"end":{"line":129,"column":74}},"locations":[{"start":{"line":129,"column":22},"end":{"line":129,"column":74}}]}},"b":{"0":[28],"1":[0],"2":[0],"3":[0],"4":[0],"5":[25],"6":[0],"7":[25],"8":[6],"9":[14],"10":[5]},"fnMap":{"0":{"name":"ContactForm","decl":{"start":{"line":23,"column":48},"end":{"line":143,"column":2}},"loc":{"start":{"line":23,"column":48},"end":{"line":143,"column":2}},"line":23},"1":{"name":"validateForm","decl":{"start":{"line":37,"column":23},"end":{"line":60,"column":4}},"loc":{"start":{"line":37,"column":23},"end":{"line":60,"column":4}},"line":37},"2":{"name":"handleSubmit","decl":{"start":{"line":62,"column":23},"end":{"line":74,"column":4}},"loc":{"start":{"line":62,"column":23},"end":{"line":74,"column":4}},"line":62},"3":{"name":"handleInputChange","decl":{"start":{"line":76,"column":28},"end":{"line":89,"column":4}},"loc":{"start":{"line":76,"column":28},"end":{"line":89,"column":4}},"line":76},"4":{"name":"onChange","decl":{"start":{"line":106,"column":22},"end":{"line":106,"column":71}},"loc":{"start":{"line":106,"column":22},"end":{"line":106,"column":71}},"line":106},"5":{"name":"onChange","decl":{"start":{"line":118,"column":22},"end":{"line":118,"column":72}},"loc":{"start":{"line":118,"column":22},"end":{"line":118,"column":72}},"line":118},"6":{"name":"onChange","decl":{"start":{"line":129,"column":22},"end":{"line":129,"column":74}},"loc":{"start":{"line":129,"column":22},"end":{"line":129,"column":74}},"line":129}},"f":{"0":28,"1":0,"2":0,"3":25,"4":6,"5":14,"6":5}}
,"/app/src/components/ContactForm/styles.ts": {"path":"/app/src/components/ContactForm/styles.ts","all":false,"statementMap":{"0":{"start":{"line":1,"column":0},"end":{"line":1,"column":39}},"2":{"start":{"line":3,"column":0},"end":{"line":3,"column":40}},"7":{"start":{"line":8,"column":0},"end":{"line":8,"column":35}},"14":{"start":{"line":15,"column":0},"end":{"line":15,"column":37}},"21":{"start":{"line":22,"column":0},"end":{"line":22,"column":32}},"27":{"start":{"line":28,"column":0},"end":{"line":28,"column":37}},"33":{"start":{"line":34,"column":0},"end":{"line":34,"column":34}},"55":{"start":{"line":56,"column":0},"end":{"line":56,"column":40}},"80":{"start":{"line":81,"column":0},"end":{"line":81,"column":42}},"106":{"start":{"line":107,"column":0},"end":{"line":107,"column":40}}},"s":{"0":1,"2":1,"7":1,"14":1,"21":1,"27":1,"33":1,"55":1,"80":1,"106":1},"branchMap":{},"b":{},"fnMap":{},"f":{}}
,"/app/src/components/Footer/index.tsx": {"path":"/app/src/components/Footer/index.tsx","all":false,"statementMap":{"0":{"start":{"line":1,"column":0},"end":{"line":1,"column":26}},"1":{"start":{"line":2,"column":0},"end":{"line":2,"column":40}},"2":{"start":{"line":3,"column":0},"end":{"line":3,"column":72}},"3":{"start":{"line":4,"column":0},"end":{"line":4,"column":118}},"5":{"start":{"line":6,"column":0},"end":{"line":6,"column":32}},"6":{"start":{"line":7,"column":0},"end":{"line":7,"column":10}},"7":{"start":{"line":8,"column":0},"end":{"line":8,"column":21}},"8":{"start":{"line":9,"column":0},"end":{"line":9,"column":21}},"9":{"start":{"line":10,"column":0},"end":{"line":10,"column":21}},"10":{"start":{"line":11,"column":0},"end":{"line":11,"column":66}},"11":{"start":{"line":12,"column":0},"end":{"line":12,"column":15}},"12":{"start":{"line":13,"column":0},"end":{"line":13,"column":21}},"13":{"start":{"line":14,"column":0},"end":{"line":14,"column":48}},"15":{"start":{"line":16,"column":0},"end":{"line":16,"column":22}},"16":{"start":{"line":17,"column":0},"end":{"line":17,"column":22}},"18":{"start":{"line":19,"column":0},"end":{"line":19,"column":20}},"19":{"start":{"line":20,"column":0},"end":{"line":20,"column":30}},"20":{"start":{"line":21,"column":0},"end":{"line":21,"column":46}},"21":{"start":{"line":22,"column":0},"end":{"line":22,"column":46}},"22":{"start":{"line":23,"column":0},"end":{"line":23,"column":42}},"23":{"start":{"line":24,"column":0},"end":{"line":24,"column":21}},"25":{"start":{"line":26,"column":0},"end":{"line":26,"column":21}},"26":{"start":{"line":27,"column":0},"end":{"line":27,"column":30}},"27":{"start":{"line":28,"column":0},"end":{"line":28,"column":13}},"28":{"start":{"line":29,"column":0},"end":{"line":29,"column":54}},"29":{"start":{"line":30,"column":0},"end":{"line":30,"column":27}},"30":{"start":{"line":31,"column":0},"end":{"line":31,"column":23}},"31":{"start":{"line":32,"column":0},"end":{"line":32,"column":53}},"32":{"start":{"line":33,"column":0},"end":{"line":33,"column":27}},"33":{"start":{"line":34,"column":0},"end":{"line":34,"column":23}},"34":{"start":{"line":35,"column":0},"end":{"line":35,"column":53}},"35":{"start":{"line":36,"column":0},"end":{"line":36,"column":28}},"36":{"start":{"line":37,"column":0},"end":{"line":37,"column":23}},"37":{"start":{"line":38,"column":0},"end":{"line":38,"column":14}},"38":{"start":{"line":39,"column":0},"end":{"line":39,"column":22}},"39":{"start":{"line":40,"column":0},"end":{"line":40,"column":22}},"41":{"start":{"line":42,"column":0},"end":{"line":42,"column":2}},"43":{"start":{"line":44,"column":0},"end":{"line":44,"column":22}}},"s":{"0":1,"1":1,"2":1,"3":1,"5":1,"6":1,"7":1,"8":1,"9":1,"10":1,"11":1,"12":1,"13":1,"15":1,"16":1,"18":1,"19":1,"20":1,"21":1,"22":1,"23":1,"25":1,"26":1,"27":1,"28":1,"29":1,"30":1,"31":1,"32":1,"33":1,"34":1,"35":1,"36":1,"37":1,"38":1,"39":1,"41":1,"43":1},"branchMap":{"0":{"type":"branch","line":6,"loc":{"start":{"line":6,"column":25},"end":{"line":42,"column":2}},"locations":[{"start":{"line":6,"column":25},"end":{"line":42,"column":2}}]}},"b":{"0":[1]},"fnMap":{"0":{"name":"Footer","decl":{"start":{"line":6,"column":25},"end":{"line":42,"column":2}},"loc":{"start":{"line":6,"column":25},"end":{"line":42,"column":2}},"line":6}},"f":{"0":1}}
,"/app/src/components/Footer/styles.ts": {"path":"/app/src/components/Footer/styles.ts","all":false,"statementMap":{"0":{"start":{"line":1,"column":0},"end":{"line":1,"column":39}},"2":{"start":{"line":3,"column":0},"end":{"line":3,"column":45}},"18":{"start":{"line":19,"column":0},"end":{"line":19,"column":40}},"24":{"start":{"line":25,"column":0},"end":{"line":25,"column":31}},"29":{"start":{"line":30,"column":0},"end":{"line":30,"column":36}},"35":{"start":{"line":36,"column":0},"end":{"line":36,"column":39}},"58":{"start":{"line":59,"column":0},"end":{"line":59,"column":40}},"79":{"start":{"line":80,"column":0},"end":{"line":80,"column":35}}},"s":{"0":1,"2":1,"18":1,"24":1,"29":1,"35":1,"58":1,"79":1},"branchMap":{},"b":{},"fnMap":{},"f":{}}
,"/app/src/components/Header/index.tsx": {"path":"/app/src/components/Header/index.tsx","all":false,"statementMap":{"0":{"start":{"line":1,"column":0},"end":{"line":1,"column":40}},"1":{"start":{"line":2,"column":0},"end":{"line":2,"column":53}},"2":{"start":{"line":3,"column":0},"end":{"line":3,"column":89}},"3":{"start":{"line":4,"column":0},"end":{"line":4,"column":53}},"4":{"start":{"line":5,"column":0},"end":{"line":5,"column":138}},"11":{"start":{"line":12,"column":0},"end":{"line":12,"column":85}},"12":{"start":{"line":13,"column":0},"end":{"line":13,"column":54}},"13":{"start":{"line":14,"column":0},"end":{"line":14,"column":51}},"14":{"start":{"line":15,"column":0},"end":{"line":15,"column":62}},"15":{"start":{"line":16,"column":0},"end":{"line":16,"column":54}},"16":{"start":{"line":17,"column":0},"end":{"line":17,"column":33}},"18":{"start":{"line":19,"column":0},"end":{"line":19,"column":28}},"19":{"start":{"line":20,"column":0},"end":{"line":20,"column":31}},"20":{"start":{"line":21,"column":0},"end":{"line":21,"column":4}},"22":{"start":{"line":23,"column":0},"end":{"line":23,"column":32}},"23":{"start":{"line":24,"column":0},"end":{"line":24,"column":39}},"24":{"start":{"line":25,"column":0},"end":{"line":25,"column":4}},"26":{"start":{"line":27,"column":0},"end":{"line":27,"column":48}},"27":{"start":{"line":28,"column":0},"end":{"line":28,"column":23}},"29":{"start":{"line":30,"column":0},"end":{"line":30,"column":43}},"30":{"start":{"line":31,"column":0},"end":{"line":31,"column":4}},"32":{"start":{"line":33,"column":0},"end":{"line":33,"column":30}},"33":{"start":{"line":34,"column":0},"end":{"line":34,"column":13}},"34":{"start":{"line":35,"column":0},"end":{"line":35,"column":29}},"35":{"start":{"line":36,"column":0},"end":{"line":36,"column":18}},"36":{"start":{"line":37,"column":0},"end":{"line":37,"column":4}},"38":{"start":{"line":39,"column":0},"end":{"line":39,"column":10}},"39":{"start":{"line":40,"column":0},"end":{"line":40,"column":21}},"40":{"start":{"line":41,"column":0},"end":{"line":41,"column":19}},"41":{"start":{"line":42,"column":0},"end":{"line":42,"column":64}},"42":{"start":{"line":43,"column":0},"end":{"line":43,"column":13}},"44":{"start":{"line":45,"column":0},"end":{"line":45,"column":63}},"46":{"start":{"line":47,"column":0},"end":{"line":47,"column":19}},"48":{"start":{"line":49,"column":0},"end":{"line":49,"column":38}},"49":{"start":{"line":50,"column":0},"end":{"line":50,"column":28}},"50":{"start":{"line":51,"column":0},"end":{"line":51,"column":12}},"51":{"start":{"line":52,"column":0},"end":{"line":52,"column":50}},"52":{"start":{"line":53,"column":0},"end":{"line":53,"column":50}},"53":{"start":{"line":54,"column":0},"end":{"line":54,"column":13}},"55":{"start":{"line":56,"column":0},"end":{"line":56,"column":40}},"57":{"start":{"line":58,"column":0},"end":{"line":58,"column":42}},"58":{"start":{"line":59,"column":0},"end":{"line":59,"column":19}},"60":{"start":{"line":61,"column":0},"end":{"line":61,"column":42}},"61":{"start":{"line":62,"column":0},"end":{"line":62,"column":20}},"62":{"start":{"line":63,"column":0},"end":{"line":63,"column":21}},"63":{"start":{"line":64,"column":0},"end":{"line":64,"column":33}},"64":{"start":{"line":65,"column":0},"end":{"line":65,"column":28}},"65":{"start":{"line":66,"column":0},"end":{"line":66,"column":57}},"66":{"start":{"line":67,"column":0},"end":{"line":67,"column":10}},"67":{"start":{"line":68,"column":0},"end":{"line":68,"column":57}},"68":{"start":{"line":69,"column":0},"end":{"line":69,"column":22}},"69":{"start":{"line":70,"column":0},"end":{"line":70,"column":21}},"70":{"start":{"line":71,"column":0},"end":{"line":71,"column":55}},"71":{"start":{"line":72,"column":0},"end":{"line":72,"column":22}},"72":{"start":{"line":73,"column":0},"end":{"line":73,"column":21}},"73":{"start":{"line":74,"column":0},"end":{"line":74,"column":20}},"74":{"start":{"line":75,"column":0},"end":{"line":75,"column":24}},"75":{"start":{"line":76,"column":0},"end":{"line":76,"column":36}},"76":{"start":{"line":77,"column":0},"end":{"line":77,"column":36}},"78":{"start":{"line":79,"column":0},"end":{"line":79,"column":47}},"79":{"start":{"line":80,"column":0},"end":{"line":80,"column":21}},"80":{"start":{"line":81,"column":0},"end":{"line":81,"column":19}},"82":{"start":{"line":83,"column":0},"end":{"line":83,"column":27}},"83":{"start":{"line":84,"column":0},"end":{"line":84,"column":18}},"84":{"start":{"line":85,"column":0},"end":{"line":85,"column":22}},"85":{"start":{"line":86,"column":0},"end":{"line":86,"column":26}},"86":{"start":{"line":87,"column":0},"end":{"line":87,"column":40}},"87":{"start":{"line":88,"column":0},"end":{"line":88,"column":36}},"89":{"start":{"line":90,"column":0},"end":{"line":90,"column":22}},"90":{"start":{"line":91,"column":0},"end":{"line":91,"column":23}},"91":{"start":{"line":92,"column":0},"end":{"line":92,"column":30}},"92":{"start":{"line":93,"column":0},"end":{"line":93,"column":30}},"93":{"start":{"line":94,"column":0},"end":{"line":94,"column":42}},"94":{"start":{"line":95,"column":0},"end":{"line":95,"column":52}},"95":{"start":{"line":96,"column":0},"end":{"line":96,"column":52}},"96":{"start":{"line":97,"column":0},"end":{"line":97,"column":45}},"97":{"start":{"line":98,"column":0},"end":{"line":98,"column":37}},"98":{"start":{"line":99,"column":0},"end":{"line":99,"column":23}},"99":{"start":{"line":100,"column":0},"end":{"line":100,"column":31}},"101":{"start":{"line":102,"column":0},"end":{"line":102,"column":19}},"103":{"start":{"line":104,"column":0},"end":{"line":104,"column":22}},"105":{"start":{"line":106,"column":0},"end":{"line":106,"column":2}},"107":{"start":{"line":108,"column":0},"end":{"line":108,"column":22}}},"s":{"0":1,"1":1,"2":1,"3":1,"4":1,"11":1,"12":18,"13":18,"14":18,"15":18,"16":18,"18":18,"19":1,"20":1,"22":18,"23":1,"24":1,"26":18,"27":1,"29":1,"30":1,"32":18,"33":1,"34":1,"35":1,"36":1,"38":18,"39":18,"40":18,"41":18,"42":18,"44":18,"46":18,"48":18,"49":18,"50":17,"51":17,"52":17,"53":17,"55":1,"57":18,"58":18,"60":18,"61":18,"62":18,"63":18,"64":18,"65":18,"66":18,"67":18,"68":18,"69":18,"70":18,"71":18,"72":18,"73":18,"74":18,"75":18,"76":18,"78":18,"79":18,"80":18,"82":18,"83":17,"84":17,"85":17,"86":17,"87":17,"89":17,"90":17,"91":17,"92":1,"93":1,"94":1,"95":1,"96":1,"97":1,"98":1,"99":1,"101":17,"103":18,"105":18,"107":1},"branchMap":{"0":{"type":"branch","line":12,"loc":{"start":{"line":12,"column":38},"end":{"line":106,"column":2}},"locations":[{"start":{"line":12,"column":38},"end":{"line":106,"column":2}}]},"1":{"type":"branch","line":50,"loc":{"start":{"line":50,"column":9},"end":{"line":54,"column":13}},"locations":[{"start":{"line":50,"column":9},"end":{"line":54,"column":13}}]},"2":{"type":"branch","line":54,"loc":{"start":{"line":54,"column":10},"end":{"line":56,"column":40}},"locations":[{"start":{"line":54,"column":10},"end":{"line":56,"column":40}}]},"3":{"type":"branch","line":79,"loc":{"start":{"line":79,"column":11},"end":{"line":79,"column":36}},"locations":[{"start":{"line":79,"column":11},"end":{"line":79,"column":36}}]},"4":{"type":"branch","line":83,"loc":{"start":{"line":83,"column":7},"end":{"line":102,"column":19}},"locations":[{"start":{"line":83,"column":7},"end":{"line":102,"column":19}}]},"5":{"type":"branch","line":92,"loc":{"start":{"line":92,"column":11},"end":{"line":100,"column":31}},"locations":[{"start":{"line":92,"column":11},"end":{"line":100,"column":31}}]},"6":{"type":"branch","line":19,"loc":{"start":{"line":19,"column":21},"end":{"line":21,"column":4}},"locations":[{"start":{"line":19,"column":21},"end":{"line":21,"column":4}}]},"7":{"type":"branch","line":23,"loc":{"start":{"line":23,"column":25},"end":{"line":25,"column":4}},"locations":[{"start":{"line":23,"column":25},"end":{"line":25,"column":4}}]},"8":{"type":"branch","line":27,"loc":{"start":{"line":27,"column":23},"end":{"line":31,"column":4}},"locations":[{"start":{"line":27,"column":23},"end":{"line":31,"column":4}}]},"9":{"type":"branch","line":33,"loc":{"start":{"line":33,"column":23},"end":{"line":37,"column":4}},"locations":[{"start":{"line":33,"column":23},"end":{"line":37,"column":4}}]},"10":{"type":"branch","line":66,"loc":{"start":{"line":66,"column":20},"end":{"line":66,"column":57}},"locations":[{"start":{"line":66,"column":20},"end":{"line":66,"column":57}}]}},"b":{"0":[18],"1":[17],"2":[1],"3":[0],"4":[17],"5":[1],"6":[1],"7":[1],"8":[1],"9":[1],"10":[9]},"fnMap":{"0":{"name":"Header","decl":{"start":{"line":12,"column":38},"end":{"line":106,"column":2}},"loc":{"start":{"line":12,"column":38},"end":{"line":106,"column":2}},"line":12},"1":{"name":"toggleMenu","decl":{"start":{"line":19,"column":21},"end":{"line":21,"column":4}},"loc":{"start":{"line":19,"column":21},"end":{"line":21,"column":4}},"line":19},"2":{"name":"toggleUserMenu","decl":{"start":{"line":23,"column":25},"end":{"line":25,"column":4}},"loc":{"start":{"line":23,"column":25},"end":{"line":25,"column":4}},"line":23},"3":{"name":"handleSearch","decl":{"start":{"line":27,"column":23},"end":{"line":31,"column":4}},"loc":{"start":{"line":27,"column":23},"end":{"line":31,"column":4}},"line":27},"4":{"name":"handleLogout","decl":{"start":{"line":33,"column":23},"end":{"line":37,"column":4}},"loc":{"start":{"line":33,"column":23},"end":{"line":37,"column":4}},"line":33},"5":{"name":"onChange","decl":{"start":{"line":66,"column":20},"end":{"line":66,"column":57}},"loc":{"start":{"line":66,"column":20},"end":{"line":66,"column":57}},"line":66}},"f":{"0":18,"1":1,"2":1,"3":1,"4":1,"5":9}}
,"/app/src/components/Header/styles.ts": {"path":"/app/src/components/Header/styles.ts","all":false,"statementMap":{"0":{"start":{"line":1,"column":0},"end":{"line":1,"column":39}},"2":{"start":{"line":3,"column":0},"end":{"line":3,"column":45}},"24":{"start":{"line":25,"column":0},"end":{"line":25,"column":31}},"30":{"start":{"line":31,"column":0},"end":{"line":31,"column":40}},"47":{"start":{"line":48,"column":0},"end":{"line":48,"column":58}},"65":{"start":{"line":66,"column":0},"end":{"line":66,"column":56}},"77":{"start":{"line":78,"column":0},"end":{"line":78,"column":38}},"92":{"start":{"line":93,"column":0},"end":{"line":93,"column":40}},"105":{"start":{"line":106,"column":0},"end":{"line":106,"column":40}},"123":{"start":{"line":124,"column":0},"end":{"line":124,"column":35}},"129":{"start":{"line":130,"column":0},"end":{"line":130,"column":43}}},"s":{"0":1,"2":1,"24":1,"30":1,"47":1,"65":1,"77":1,"92":1,"105":1,"123":1,"129":1},"branchMap":{"0":{"type":"branch","line":66,"loc":{"start":{"line":66,"column":15},"end":{"line":66,"column":54}},"locations":[{"start":{"line":66,"column":15},"end":{"line":66,"column":54}}]},"1":{"type":"branch","line":66,"loc":{"start":{"line":66,"column":30},"end":{"line":66,"column":48}},"locations":[{"start":{"line":66,"column":30},"end":{"line":66,"column":48}}]},"2":{"type":"branch","line":66,"loc":{"start":{"line":66,"column":39},"end":{"line":66,"column":54}},"locations":[{"start":{"line":66,"column":39},"end":{"line":66,"column":54}}]}},"b":{"0":[18],"1":[1],"2":[17]},"fnMap":{},"f":{}}
,"/app/src/components/Layout/index.tsx": {"path":"/app/src/components/Layout/index.tsx","all":false,"statementMap":{"0":{"start":{"line":1,"column":0},"end":{"line":1,"column":40}},"1":{"start":{"line":2,"column":0},"end":{"line":2,"column":31}},"2":{"start":{"line":3,"column":0},"end":{"line":3,"column":31}},"3":{"start":{"line":4,"column":0},"end":{"line":4,"column":56}},"9":{"start":{"line":10,"column":0},"end":{"line":10,"column":57}},"10":{"start":{"line":11,"column":0},"end":{"line":11,"column":54}},"12":{"start":{"line":13,"column":0},"end":{"line":13,"column":32}},"13":{"start":{"line":14,"column":0},"end":{"line":14,"column":31}},"14":{"start":{"line":15,"column":0},"end":{"line":15,"column":4}},"16":{"start":{"line":17,"column":0},"end":{"line":17,"column":10}},"17":{"start":{"line":18,"column":0},"end":{"line":18,"column":45}},"18":{"start":{"line":19,"column":0},"end":{"line":19,"column":74}},"19":{"start":{"line":20,"column":0},"end":{"line":20,"column":51}},"20":{"start":{"line":21,"column":0},"end":{"line":21,"column":18}},"21":{"start":{"line":22,"column":0},"end":{"line":22,"column":20}},"22":{"start":{"line":23,"column":0},"end":{"line":23,"column":16}},"23":{"start":{"line":24,"column":0},"end":{"line":24,"column":22}},"25":{"start":{"line":26,"column":0},"end":{"line":26,"column":2}},"27":{"start":{"line":28,"column":0},"end":{"line":28,"column":22}}},"s":{"0":1,"1":1,"2":1,"3":1,"9":1,"10":1,"12":1,"13":0,"14":0,"16":1,"17":1,"18":1,"19":1,"20":1,"21":1,"22":1,"23":1,"25":1,"27":1},"branchMap":{"0":{"type":"branch","line":10,"loc":{"start":{"line":10,"column":38},"end":{"line":26,"column":2}},"locations":[{"start":{"line":10,"column":38},"end":{"line":26,"column":2}}]}},"b":{"0":[1]},"fnMap":{"0":{"name":"Layout","decl":{"start":{"line":10,"column":38},"end":{"line":26,"column":2}},"loc":{"start":{"line":10,"column":38},"end":{"line":26,"column":2}},"line":10},"1":{"name":"toggleDarkMode","decl":{"start":{"line":13,"column":25},"end":{"line":15,"column":4}},"loc":{"start":{"line":13,"column":25},"end":{"line":15,"column":4}},"line":13}},"f":{"0":1,"1":0}}
,"/app/src/components/Layout/styles.ts": {"path":"/app/src/components/Layout/styles.ts","all":false,"statementMap":{"0":{"start":{"line":1,"column":0},"end":{"line":1,"column":39}},"2":{"start":{"line":3,"column":0},"end":{"line":3,"column":67}},"6":{"start":{"line":7,"column":0},"end":{"line":7,"column":56}},"10":{"start":{"line":11,"column":0},"end":{"line":11,"column":64}},"11":{"start":{"line":12,"column":0},"end":{"line":12,"column":67}}},"s":{"0":1,"2":1,"6":1,"10":1,"11":1},"branchMap":{"0":{"type":"branch","line":7,"loc":{"start":{"line":7,"column":11},"end":{"line":7,"column":54}},"locations":[{"start":{"line":7,"column":11},"end":{"line":7,"column":54}}]},"1":{"type":"branch","line":7,"loc":{"start":{"line":7,"column":26},"end":{"line":7,"column":48}},"locations":[{"start":{"line":7,"column":26},"end":{"line":7,"column":48}}]},"2":{"type":"branch","line":12,"loc":{"start":{"line":12,"column":22},"end":{"line":12,"column":65}},"locations":[{"start":{"line":12,"column":22},"end":{"line":12,"column":65}}]},"3":{"type":"branch","line":12,"loc":{"start":{"line":12,"column":37},"end":{"line":12,"column":59}},"locations":[{"start":{"line":12,"column":37},"end":{"line":12,"column":59}}]}},"b":{"0":[1],"1":[0],"2":[1],"3":[0]},"fnMap":{},"f":{}}
,"/app/src/components/LoginForm/index.tsx": {"path":"/app/src/components/LoginForm/index.tsx","all":false,"statementMap":{"0":{"start":{"line":1,"column":0},"end":{"line":1,"column":40}},"1":{"start":{"line":2,"column":0},"end":{"line":2,"column":40}},"2":{"start":{"line":3,"column":0},"end":{"line":3,"column":9}},"19":{"start":{"line":20,"column":0},"end":{"line":20,"column":63}},"20":{"start":{"line":21,"column":0},"end":{"line":21,"column":41}},"21":{"start":{"line":22,"column":0},"end":{"line":22,"column":47}},"22":{"start":{"line":23,"column":0},"end":{"line":23,"column":54}},"24":{"start":{"line":25,"column":0},"end":{"line":25,"column":48}},"25":{"start":{"line":26,"column":0},"end":{"line":26,"column":23}},"26":{"start":{"line":27,"column":0},"end":{"line":27,"column":42}},"27":{"start":{"line":28,"column":0},"end":{"line":28,"column":4}},"29":{"start":{"line":30,"column":0},"end":{"line":30,"column":10}},"30":{"start":{"line":31,"column":0},"end":{"line":31,"column":19}},"31":{"start":{"line":32,"column":0},"end":{"line":32,"column":43}},"32":{"start":{"line":33,"column":0},"end":{"line":33,"column":66}},"34":{"start":{"line":35,"column":0},"end":{"line":35,"column":36}},"35":{"start":{"line":36,"column":0},"end":{"line":36,"column":14}},"36":{"start":{"line":37,"column":0},"end":{"line":37,"column":22}},"37":{"start":{"line":38,"column":0},"end":{"line":38,"column":30}},"38":{"start":{"line":39,"column":0},"end":{"line":39,"column":23}},"39":{"start":{"line":40,"column":0},"end":{"line":40,"column":52}},"40":{"start":{"line":41,"column":0},"end":{"line":41,"column":18}},"41":{"start":{"line":42,"column":0},"end":{"line":42,"column":10}},"43":{"start":{"line":44,"column":0},"end":{"line":44,"column":14}},"44":{"start":{"line":45,"column":0},"end":{"line":45,"column":25}},"45":{"start":{"line":46,"column":0},"end":{"line":46,"column":29}},"46":{"start":{"line":47,"column":0},"end":{"line":47,"column":26}},"47":{"start":{"line":48,"column":0},"end":{"line":48,"column":55}},"48":{"start":{"line":49,"column":0},"end":{"line":49,"column":18}},"49":{"start":{"line":50,"column":0},"end":{"line":50,"column":10}},"51":{"start":{"line":52,"column":0},"end":{"line":52,"column":27}},"52":{"start":{"line":53,"column":0},"end":{"line":53,"column":19}},"53":{"start":{"line":54,"column":0},"end":{"line":54,"column":27}},"54":{"start":{"line":55,"column":0},"end":{"line":55,"column":25}},"55":{"start":{"line":56,"column":0},"end":{"line":56,"column":32}},"56":{"start":{"line":57,"column":0},"end":{"line":57,"column":61}},"57":{"start":{"line":58,"column":0},"end":{"line":58,"column":12}},"58":{"start":{"line":59,"column":0},"end":{"line":59,"column":54}},"59":{"start":{"line":60,"column":0},"end":{"line":60,"column":28}},"61":{"start":{"line":62,"column":0},"end":{"line":62,"column":57}},"63":{"start":{"line":64,"column":0},"end":{"line":64,"column":24}},"64":{"start":{"line":65,"column":0},"end":{"line":65,"column":50}},"65":{"start":{"line":66,"column":0},"end":{"line":66,"column":26}},"66":{"start":{"line":67,"column":0},"end":{"line":67,"column":60}},"67":{"start":{"line":68,"column":0},"end":{"line":68,"column":25}},"68":{"start":{"line":69,"column":0},"end":{"line":69,"column":13}},"69":{"start":{"line":70,"column":0},"end":{"line":70,"column":20}},"71":{"start":{"line":72,"column":0},"end":{"line":72,"column":2}},"73":{"start":{"line":74,"column":0},"end":{"line":74,"column":25}}},"s":{"0":1,"1":1,"2":1,"19":1,"20":42,"21":42,"22":42,"24":42,"25":4,"26":4,"27":4,"29":42,"30":42,"31":42,"32":42,"34":42,"35":42,"36":42,"37":42,"38":42,"39":42,"40":42,"41":42,"43":42,"44":42,"45":42,"46":42,"47":42,"48":42,"49":42,"51":42,"52":42,"53":42,"54":42,"55":42,"56":42,"57":42,"58":42,"59":42,"61":42,"63":42,"64":42,"65":42,"66":42,"67":42,"68":42,"69":42,"71":42,"73":1},"branchMap":{"0":{"type":"branch","line":20,"loc":{"start":{"line":20,"column":44},"end":{"line":72,"column":2}},"locations":[{"start":{"line":20,"column":44},"end":{"line":72,"column":2}}]},"1":{"type":"branch","line":25,"loc":{"start":{"line":25,"column":23},"end":{"line":28,"column":4}},"locations":[{"start":{"line":25,"column":23},"end":{"line":28,"column":4}}]},"2":{"type":"branch","line":40,"loc":{"start":{"line":40,"column":20},"end":{"line":40,"column":52}},"locations":[{"start":{"line":40,"column":20},"end":{"line":40,"column":52}}]},"3":{"type":"branch","line":48,"loc":{"start":{"line":48,"column":20},"end":{"line":48,"column":55}},"locations":[{"start":{"line":48,"column":20},"end":{"line":48,"column":55}}]},"4":{"type":"branch","line":57,"loc":{"start":{"line":57,"column":22},"end":{"line":57,"column":61}},"locations":[{"start":{"line":57,"column":22},"end":{"line":57,"column":61}}]}},"b":{"0":[42],"1":[4],"2":[20],"3":[16],"4":[2]},"fnMap":{"0":{"name":"LoginForm","decl":{"start":{"line":20,"column":44},"end":{"line":72,"column":2}},"loc":{"start":{"line":20,"column":44},"end":{"line":72,"column":2}},"line":20},"1":{"name":"handleSubmit","decl":{"start":{"line":25,"column":23},"end":{"line":28,"column":4}},"loc":{"start":{"line":25,"column":23},"end":{"line":28,"column":4}},"line":25},"2":{"name":"onChange","decl":{"start":{"line":40,"column":20},"end":{"line":40,"column":52}},"loc":{"start":{"line":40,"column":20},"end":{"line":40,"column":52}},"line":40},"3":{"name":"onChange","decl":{"start":{"line":48,"column":20},"end":{"line":48,"column":55}},"loc":{"start":{"line":48,"column":20},"end":{"line":48,"column":55}},"line":48},"4":{"name":"onChange","decl":{"start":{"line":57,"column":22},"end":{"line":57,"column":61}},"loc":{"start":{"line":57,"column":22},"end":{"line":57,"column":61}},"line":57}},"f":{"0":42,"1":4,"2":20,"3":16,"4":2}}
,"/app/src/components/LoginForm/styles.ts": {"path":"/app/src/components/LoginForm/styles.ts","all":false,"statementMap":{"0":{"start":{"line":1,"column":0},"end":{"line":1,"column":39}},"2":{"start":{"line":3,"column":0},"end":{"line":3,"column":40}},"9":{"start":{"line":10,"column":0},"end":{"line":10,"column":35}},"15":{"start":{"line":16,"column":0},"end":{"line":16,"column":37}},"21":{"start":{"line":22,"column":0},"end":{"line":22,"column":32}},"27":{"start":{"line":28,"column":0},"end":{"line":28,"column":34}},"44":{"start":{"line":45,"column":0},"end":{"line":45,"column":44}},"51":{"start":{"line":52,"column":0},"end":{"line":52,"column":37}},"57":{"start":{"line":58,"column":0},"end":{"line":58,"column":34}},"63":{"start":{"line":64,"column":0},"end":{"line":64,"column":42}},"83":{"start":{"line":84,"column":0},"end":{"line":84,"column":39}}},"s":{"0":1,"2":1,"9":1,"15":1,"21":1,"27":1,"44":1,"51":1,"57":1,"63":1,"83":1},"branchMap":{},"b":{},"fnMap":{},"f":{}}
,"/app/src/components/MovieCard/index.tsx": {"path":"/app/src/components/MovieCard/index.tsx","all":false,"statementMap":{"0":{"start":{"line":1,"column":0},"end":{"line":1,"column":26}},"1":{"start":{"line":2,"column":0},"end":{"line":2,"column":40}},"2":{"start":{"line":3,"column":0},"end":{"line":3,"column":40}},"4":{"start":{"line":5,"column":0},"end":{"line":5,"column":95}},"15":{"start":{"line":16,"column":0},"end":{"line":16,"column":47}},"16":{"start":{"line":17,"column":0},"end":{"line":17,"column":6}},"17":{"start":{"line":18,"column":0},"end":{"line":18,"column":9}},"18":{"start":{"line":19,"column":0},"end":{"line":19,"column":9}},"19":{"start":{"line":20,"column":0},"end":{"line":20,"column":10}},"20":{"start":{"line":21,"column":0},"end":{"line":21,"column":10}},"22":{"start":{"line":23,"column":0},"end":{"line":23,"column":9}},"24":{"start":{"line":25,"column":0},"end":{"line":25,"column":29}},"25":{"start":{"line":26,"column":0},"end":{"line":26,"column":18}},"26":{"start":{"line":27,"column":0},"end":{"line":27,"column":16}},"27":{"start":{"line":28,"column":0},"end":{"line":28,"column":5}},"28":{"start":{"line":29,"column":0},"end":{"line":29,"column":4}},"31":{"start":{"line":32,"column":0},"end":{"line":32,"column":10}},"32":{"start":{"line":33,"column":0},"end":{"line":33,"column":41}},"33":{"start":{"line":34,"column":0},"end":{"line":34,"column":32}},"34":{"start":{"line":35,"column":0},"end":{"line":35,"column":46}},"35":{"start":{"line":36,"column":0},"end":{"line":36,"column":40}},"36":{"start":{"line":37,"column":0},"end":{"line":37,"column":25}},"37":{"start":{"line":38,"column":0},"end":{"line":38,"column":20}},"38":{"start":{"line":39,"column":0},"end":{"line":39,"column":56}},"39":{"start":{"line":40,"column":0},"end":{"line":40,"column":34}},"40":{"start":{"line":41,"column":0},"end":{"line":41,"column":13}},"41":{"start":{"line":42,"column":0},"end":{"line":42,"column":20}},"43":{"start":{"line":44,"column":0},"end":{"line":44,"column":2}},"45":{"start":{"line":46,"column":0},"end":{"line":46,"column":25}}},"s":{"0":1,"1":1,"2":1,"4":1,"15":1,"16":1,"17":1,"18":1,"19":1,"20":1,"22":1,"24":1,"25":1,"26":1,"27":1,"28":1,"31":1,"32":1,"33":1,"34":1,"35":1,"36":1,"37":1,"38":1,"39":1,"40":1,"41":1,"43":1,"45":1},"branchMap":{"0":{"type":"branch","line":16,"loc":{"start":{"line":16,"column":44},"end":{"line":44,"column":2}},"locations":[{"start":{"line":16,"column":44},"end":{"line":44,"column":2}}]},"1":{"type":"branch","line":25,"loc":{"start":{"line":25,"column":22},"end":{"line":29,"column":4}},"locations":[{"start":{"line":25,"column":22},"end":{"line":29,"column":4}}]}},"b":{"0":[1],"1":[1]},"fnMap":{"0":{"name":"MovieCard","decl":{"start":{"line":16,"column":44},"end":{"line":44,"column":2}},"loc":{"start":{"line":16,"column":44},"end":{"line":44,"column":2}},"line":16},"1":{"name":"handleClick","decl":{"start":{"line":25,"column":22},"end":{"line":29,"column":4}},"loc":{"start":{"line":25,"column":22},"end":{"line":29,"column":4}},"line":25}},"f":{"0":1,"1":1}}
,"/app/src/components/MovieCard/styles.ts": {"path":"/app/src/components/MovieCard/styles.ts","all":false,"statementMap":{"0":{"start":{"line":1,"column":0},"end":{"line":1,"column":39}},"2":{"start":{"line":3,"column":0},"end":{"line":3,"column":44}},"23":{"start":{"line":24,"column":0},"end":{"line":24,"column":37}},"32":{"start":{"line":33,"column":0},"end":{"line":33,"column":36}},"40":{"start":{"line":41,"column":0},"end":{"line":41,"column":42}},"53":{"start":{"line":54,"column":0},"end":{"line":54,"column":36}},"59":{"start":{"line":60,"column":0},"end":{"line":60,"column":69}},"76":{"start":{"line":77,"column":0},"end":{"line":77,"column":61}},"86":{"start":{"line":87,"column":0},"end":{"line":87,"column":66}}},"s":{"0":1,"2":1,"23":1,"32":1,"40":1,"53":1,"59":1,"76":1,"86":1},"branchMap":{},"b":{},"fnMap":{},"f":{}}
,"/app/src/components/RegisterForm/index.tsx": {"path":"/app/src/components/RegisterForm/index.tsx","all":false,"statementMap":{"0":{"start":{"line":1,"column":0},"end":{"line":1,"column":40}},"1":{"start":{"line":2,"column":0},"end":{"line":2,"column":40}},"2":{"start":{"line":3,"column":0},"end":{"line":3,"column":9}},"17":{"start":{"line":18,"column":0},"end":{"line":18,"column":88}},"18":{"start":{"line":19,"column":0},"end":{"line":19,"column":39}},"19":{"start":{"line":20,"column":0},"end":{"line":20,"column":41}},"20":{"start":{"line":21,"column":0},"end":{"line":21,"column":47}},"21":{"start":{"line":22,"column":0},"end":{"line":22,"column":61}},"22":{"start":{"line":23,"column":0},"end":{"line":23,"column":68}},"24":{"start":{"line":25,"column":0},"end":{"line":25,"column":30}},"25":{"start":{"line":26,"column":0},"end":{"line":26,"column":50}},"27":{"start":{"line":28,"column":0},"end":{"line":28,"column":23}},"28":{"start":{"line":29,"column":0},"end":{"line":29,"column":44}},"29":{"start":{"line":30,"column":0},"end":{"line":30,"column":40}},"30":{"start":{"line":31,"column":0},"end":{"line":31,"column":63}},"31":{"start":{"line":32,"column":0},"end":{"line":32,"column":5}},"33":{"start":{"line":34,"column":0},"end":{"line":34,"column":24}},"34":{"start":{"line":35,"column":0},"end":{"line":35,"column":47}},"35":{"start":{"line":36,"column":0},"end":{"line":36,"column":45}},"36":{"start":{"line":37,"column":0},"end":{"line":37,"column":42}},"37":{"start":{"line":38,"column":0},"end":{"line":38,"column":5}},"39":{"start":{"line":40,"column":0},"end":{"line":40,"column":20}},"40":{"start":{"line":41,"column":0},"end":{"line":41,"column":49}},"41":{"start":{"line":42,"column":0},"end":{"line":42,"column":37}},"42":{"start":{"line":43,"column":0},"end":{"line":43,"column":68}},"43":{"start":{"line":44,"column":0},"end":{"line":44,"column":5}},"45":{"start":{"line":46,"column":0},"end":{"line":46,"column":27}},"46":{"start":{"line":47,"column":0},"end":{"line":47,"column":71}},"47":{"start":{"line":48,"column":0},"end":{"line":48,"column":46}},"48":{"start":{"line":49,"column":0},"end":{"line":49,"column":60}},"49":{"start":{"line":50,"column":0},"end":{"line":50,"column":5}},"51":{"start":{"line":52,"column":0},"end":{"line":52,"column":25}},"52":{"start":{"line":53,"column":0},"end":{"line":53,"column":47}},"53":{"start":{"line":54,"column":0},"end":{"line":54,"column":4}},"55":{"start":{"line":56,"column":0},"end":{"line":56,"column":48}},"56":{"start":{"line":57,"column":0},"end":{"line":57,"column":23}},"58":{"start":{"line":59,"column":0},"end":{"line":59,"column":26}},"59":{"start":{"line":60,"column":0},"end":{"line":60,"column":13}},"60":{"start":{"line":61,"column":0},"end":{"line":61,"column":5}},"62":{"start":{"line":63,"column":0},"end":{"line":63,"column":67}},"63":{"start":{"line":64,"column":0},"end":{"line":64,"column":4}},"65":{"start":{"line":66,"column":0},"end":{"line":66,"column":10}},"66":{"start":{"line":67,"column":0},"end":{"line":67,"column":19}},"67":{"start":{"line":68,"column":0},"end":{"line":68,"column":41}},"68":{"start":{"line":69,"column":0},"end":{"line":69,"column":80}},"70":{"start":{"line":71,"column":0},"end":{"line":71,"column":36}},"71":{"start":{"line":72,"column":0},"end":{"line":72,"column":13}},"72":{"start":{"line":73,"column":0},"end":{"line":73,"column":16}},"73":{"start":{"line":74,"column":0},"end":{"line":74,"column":23}},"74":{"start":{"line":75,"column":0},"end":{"line":75,"column":39}},"75":{"start":{"line":76,"column":0},"end":{"line":76,"column":24}},"76":{"start":{"line":77,"column":0},"end":{"line":77,"column":53}},"77":{"start":{"line":78,"column":0},"end":{"line":78,"column":20}},"78":{"start":{"line":79,"column":0},"end":{"line":79,"column":32}},"79":{"start":{"line":80,"column":0},"end":{"line":80,"column":12}},"80":{"start":{"line":81,"column":0},"end":{"line":81,"column":94}},"81":{"start":{"line":82,"column":0},"end":{"line":82,"column":14}},"83":{"start":{"line":84,"column":0},"end":{"line":84,"column":13}},"84":{"start":{"line":85,"column":0},"end":{"line":85,"column":16}},"85":{"start":{"line":86,"column":0},"end":{"line":86,"column":24}},"86":{"start":{"line":87,"column":0},"end":{"line":87,"column":32}},"87":{"start":{"line":88,"column":0},"end":{"line":88,"column":25}},"88":{"start":{"line":89,"column":0},"end":{"line":89,"column":54}},"89":{"start":{"line":90,"column":0},"end":{"line":90,"column":20}},"90":{"start":{"line":91,"column":0},"end":{"line":91,"column":32}},"91":{"start":{"line":92,"column":0},"end":{"line":92,"column":12}},"92":{"start":{"line":93,"column":0},"end":{"line":93,"column":96}},"93":{"start":{"line":94,"column":0},"end":{"line":94,"column":14}},"95":{"start":{"line":96,"column":0},"end":{"line":96,"column":13}},"96":{"start":{"line":97,"column":0},"end":{"line":97,"column":16}},"97":{"start":{"line":98,"column":0},"end":{"line":98,"column":27}},"98":{"start":{"line":99,"column":0},"end":{"line":99,"column":31}},"99":{"start":{"line":100,"column":0},"end":{"line":100,"column":28}},"100":{"start":{"line":101,"column":0},"end":{"line":101,"column":57}},"101":{"start":{"line":102,"column":0},"end":{"line":102,"column":20}},"102":{"start":{"line":103,"column":0},"end":{"line":103,"column":32}},"103":{"start":{"line":104,"column":0},"end":{"line":104,"column":12}},"104":{"start":{"line":105,"column":0},"end":{"line":105,"column":102}},"105":{"start":{"line":106,"column":0},"end":{"line":106,"column":14}},"107":{"start":{"line":108,"column":0},"end":{"line":108,"column":13}},"108":{"start":{"line":109,"column":0},"end":{"line":109,"column":16}},"109":{"start":{"line":110,"column":0},"end":{"line":110,"column":27}},"110":{"start":{"line":111,"column":0},"end":{"line":111,"column":41}},"111":{"start":{"line":112,"column":0},"end":{"line":112,"column":35}},"112":{"start":{"line":113,"column":0},"end":{"line":113,"column":64}},"113":{"start":{"line":114,"column":0},"end":{"line":114,"column":20}},"114":{"start":{"line":115,"column":0},"end":{"line":115,"column":32}},"115":{"start":{"line":116,"column":0},"end":{"line":116,"column":12}},"116":{"start":{"line":117,"column":0},"end":{"line":117,"column":116}},"117":{"start":{"line":118,"column":0},"end":{"line":118,"column":14}},"119":{"start":{"line":120,"column":0},"end":{"line":120,"column":57}},"120":{"start":{"line":121,"column":0},"end":{"line":121,"column":54}},"121":{"start":{"line":122,"column":0},"end":{"line":122,"column":23}},"123":{"start":{"line":124,"column":0},"end":{"line":124,"column":24}},"124":{"start":{"line":125,"column":0},"end":{"line":125,"column":67}},"125":{"start":{"line":126,"column":0},"end":{"line":126,"column":25}},"126":{"start":{"line":127,"column":0},"end":{"line":127,"column":13}},"127":{"start":{"line":128,"column":0},"end":{"line":128,"column":20}},"129":{"start":{"line":130,"column":0},"end":{"line":130,"column":2}},"131":{"start":{"line":132,"column":0},"end":{"line":132,"column":28}}},"s":{"0":1,"1":1,"2":1,"17":1,"18":247,"19":247,"20":247,"21":247,"22":247,"24":247,"25":5,"27":5,"28":0,"29":5,"30":0,"31":0,"33":5,"34":0,"35":5,"36":0,"37":0,"39":5,"40":0,"41":5,"42":0,"43":0,"45":5,"46":0,"47":5,"48":1,"49":1,"51":5,"52":5,"53":5,"55":247,"56":5,"58":5,"59":1,"60":1,"62":4,"63":5,"65":247,"66":247,"67":247,"68":247,"70":247,"71":247,"72":247,"73":247,"74":247,"75":247,"76":247,"77":247,"78":247,"79":247,"80":247,"81":247,"83":247,"84":247,"85":247,"86":247,"87":247,"88":247,"89":247,"90":247,"91":247,"92":247,"93":247,"95":247,"96":247,"97":247,"98":247,"99":247,"100":247,"101":247,"102":247,"103":247,"104":247,"105":247,"107":247,"108":247,"109":247,"110":247,"111":247,"112":247,"113":247,"114":247,"115":247,"116":247,"117":247,"119":247,"120":247,"121":247,"123":247,"124":247,"125":247,"126":247,"127":247,"129":247,"131":1},"branchMap":{"0":{"type":"branch","line":18,"loc":{"start":{"line":18,"column":50},"end":{"line":130,"column":2}},"locations":[{"start":{"line":18,"column":50},"end":{"line":130,"column":2}}]},"1":{"type":"branch","line":81,"loc":{"start":{"line":81,"column":18},"end":{"line":81,"column":94}},"locations":[{"start":{"line":81,"column":18},"end":{"line":81,"column":94}}]},"2":{"type":"branch","line":93,"loc":{"start":{"line":93,"column":18},"end":{"line":93,"column":96}},"locations":[{"start":{"line":93,"column":18},"end":{"line":93,"column":96}}]},"3":{"type":"branch","line":105,"loc":{"start":{"line":105,"column":18},"end":{"line":105,"column":102}},"locations":[{"start":{"line":105,"column":18},"end":{"line":105,"column":102}}]},"4":{"type":"branch","line":117,"loc":{"start":{"line":117,"column":18},"end":{"line":117,"column":116}},"locations":[{"start":{"line":117,"column":18},"end":{"line":117,"column":116}}]},"5":{"type":"branch","line":121,"loc":{"start":{"line":121,"column":11},"end":{"line":121,"column":42}},"locations":[{"start":{"line":121,"column":11},"end":{"line":121,"column":42}}]},"6":{"type":"branch","line":121,"loc":{"start":{"line":121,"column":23},"end":{"line":121,"column":54}},"locations":[{"start":{"line":121,"column":23},"end":{"line":121,"column":54}}]},"7":{"type":"branch","line":25,"loc":{"start":{"line":25,"column":23},"end":{"line":54,"column":4}},"locations":[{"start":{"line":25,"column":23},"end":{"line":54,"column":4}}]},"8":{"type":"branch","line":28,"loc":{"start":{"line":28,"column":22},"end":{"line":30,"column":15}},"locations":[{"start":{"line":28,"column":22},"end":{"line":30,"column":15}}]},"9":{"type":"branch","line":30,"loc":{"start":{"line":30,"column":39},"end":{"line":32,"column":5}},"locations":[{"start":{"line":30,"column":39},"end":{"line":32,"column":5}}]},"10":{"type":"branch","line":34,"loc":{"start":{"line":34,"column":23},"end":{"line":36,"column":15}},"locations":[{"start":{"line":34,"column":23},"end":{"line":36,"column":15}}]},"11":{"type":"branch","line":36,"loc":{"start":{"line":36,"column":44},"end":{"line":38,"column":5}},"locations":[{"start":{"line":36,"column":44},"end":{"line":38,"column":5}}]},"12":{"type":"branch","line":40,"loc":{"start":{"line":40,"column":19},"end":{"line":42,"column":15}},"locations":[{"start":{"line":40,"column":19},"end":{"line":42,"column":15}}]},"13":{"type":"branch","line":42,"loc":{"start":{"line":42,"column":36},"end":{"line":44,"column":5}},"locations":[{"start":{"line":42,"column":36},"end":{"line":44,"column":5}}]},"14":{"type":"branch","line":46,"loc":{"start":{"line":46,"column":26},"end":{"line":48,"column":15}},"locations":[{"start":{"line":46,"column":26},"end":{"line":48,"column":15}}]},"15":{"type":"branch","line":48,"loc":{"start":{"line":48,"column":45},"end":{"line":50,"column":5}},"locations":[{"start":{"line":48,"column":45},"end":{"line":50,"column":5}}]},"16":{"type":"branch","line":56,"loc":{"start":{"line":56,"column":23},"end":{"line":64,"column":4}},"locations":[{"start":{"line":56,"column":23},"end":{"line":64,"column":4}}]},"17":{"type":"branch","line":59,"loc":{"start":{"line":59,"column":25},"end":{"line":61,"column":5}},"locations":[{"start":{"line":59,"column":25},"end":{"line":61,"column":5}}]},"18":{"type":"branch","line":61,"loc":{"start":{"line":61,"column":4},"end":{"line":63,"column":67}},"locations":[{"start":{"line":61,"column":4},"end":{"line":63,"column":67}}]},"19":{"type":"branch","line":77,"loc":{"start":{"line":77,"column":22},"end":{"line":77,"column":53}},"locations":[{"start":{"line":77,"column":22},"end":{"line":77,"column":53}}]},"20":{"type":"branch","line":89,"loc":{"start":{"line":89,"column":22},"end":{"line":89,"column":54}},"locations":[{"start":{"line":89,"column":22},"end":{"line":89,"column":54}}]},"21":{"type":"branch","line":101,"loc":{"start":{"line":101,"column":22},"end":{"line":101,"column":57}},"locations":[{"start":{"line":101,"column":22},"end":{"line":101,"column":57}}]},"22":{"type":"branch","line":113,"loc":{"start":{"line":113,"column":22},"end":{"line":113,"column":64}},"locations":[{"start":{"line":113,"column":22},"end":{"line":113,"column":64}}]}},"b":{"0":[247],"1":[0],"2":[0],"3":[0],"4":[1],"5":[3],"6":[244],"7":[5],"8":[0],"9":[0],"10":[0],"11":[0],"12":[0],"13":[0],"14":[0],"15":[1],"16":[5],"17":[1],"18":[4],"19":[64],"20":[92],"21":[38],"22":[41]},"fnMap":{"0":{"name":"RegisterForm","decl":{"start":{"line":18,"column":50},"end":{"line":130,"column":2}},"loc":{"start":{"line":18,"column":50},"end":{"line":130,"column":2}},"line":18},"1":{"name":"validateForm","decl":{"start":{"line":25,"column":23},"end":{"line":54,"column":4}},"loc":{"start":{"line":25,"column":23},"end":{"line":54,"column":4}},"line":25},"2":{"name":"handleSubmit","decl":{"start":{"line":56,"column":23},"end":{"line":64,"column":4}},"loc":{"start":{"line":56,"column":23},"end":{"line":64,"column":4}},"line":56},"3":{"name":"onChange","decl":{"start":{"line":77,"column":22},"end":{"line":77,"column":53}},"loc":{"start":{"line":77,"column":22},"end":{"line":77,"column":53}},"line":77},"4":{"name":"onChange","decl":{"start":{"line":89,"column":22},"end":{"line":89,"column":54}},"loc":{"start":{"line":89,"column":22},"end":{"line":89,"column":54}},"line":89},"5":{"name":"onChange","decl":{"start":{"line":101,"column":22},"end":{"line":101,"column":57}},"loc":{"start":{"line":101,"column":22},"end":{"line":101,"column":57}},"line":101},"6":{"name":"onChange","decl":{"start":{"line":113,"column":22},"end":{"line":113,"column":64}},"loc":{"start":{"line":113,"column":22},"end":{"line":113,"column":64}},"line":113}},"f":{"0":247,"1":5,"2":5,"3":64,"4":92,"5":38,"6":41}}
,"/app/src/components/RegisterForm/styles.ts": {"path":"/app/src/components/RegisterForm/styles.ts","all":false,"statementMap":{"0":{"start":{"line":1,"column":0},"end":{"line":1,"column":39}},"2":{"start":{"line":3,"column":0},"end":{"line":3,"column":40}},"9":{"start":{"line":10,"column":0},"end":{"line":10,"column":35}},"15":{"start":{"line":16,"column":0},"end":{"line":16,"column":37}},"21":{"start":{"line":22,"column":0},"end":{"line":22,"column":32}},"27":{"start":{"line":28,"column":0},"end":{"line":28,"column":34}},"44":{"start":{"line":45,"column":0},"end":{"line":45,"column":42}},"64":{"start":{"line":65,"column":0},"end":{"line":65,"column":39}}},"s":{"0":1,"2":1,"9":1,"15":1,"21":1,"27":1,"44":1,"64":1},"branchMap":{},"b":{},"fnMap":{},"f":{}}
[...]
ine":91,"column":0},"end":{"line":91,"column":48}},"91":{"start":{"line":92,"column":0},"end":{"line":92,"column":67}},"92":{"start":{"line":93,"column":0},"end":{"line":93,"column":24}},"93":{"start":{"line":94,"column":0},"end":{"line":94,"column":20}},"95":{"start":{"line":96,"column":0},"end":{"line":96,"column":2}},"97":{"start":{"line":98,"column":0},"end":{"line":98,"column":32}}},"s":{"0":1,"1":1,"2":1,"3":1,"4":1,"5":1,"20":1,"21":6,"22":6,"24":6,"25":6,"27":6,"28":1,"29":1,"30":1,"31":1,"33":1,"35":5,"36":1,"38":1,"40":5,"41":2,"42":1,"43":1,"44":1,"45":1,"46":2,"48":5,"49":1,"50":1,"51":1,"53":5,"54":5,"55":5,"56":5,"57":5,"58":5,"59":5,"61":5,"62":6,"63":6,"64":6,"65":6,"67":6,"68":6,"69":6,"71":6,"72":6,"73":6,"74":6,"76":6,"77":6,"78":6,"79":6,"80":6,"82":6,"83":6,"84":6,"85":6,"86":6,"87":6,"89":6,"90":6,"91":6,"92":6,"93":6,"95":6,"97":1},"branchMap":{"0":{"type":"branch","line":21,"loc":{"start":{"line":21,"column":35},"end":{"line":96,"column":2}},"locations":[{"start":{"line":21,"column":35},"end":{"line":96,"column":2}}]},"1":{"type":"branch","line":25,"loc":{"start":{"line":25,"column":29},"end":{"line":25,"column":37}},"locations":[{"start":{"line":25,"column":29},"end":{"line":25,"column":37}}]},"2":{"type":"branch","line":28,"loc":{"start":{"line":28,"column":14},"end":{"line":34,"column":3}},"locations":[{"start":{"line":28,"column":14},"end":{"line":34,"column":3}}]},"3":{"type":"branch","line":34,"loc":{"start":{"line":34,"column":2},"end":{"line":63,"column":56}},"locations":[{"start":{"line":34,"column":2},"end":{"line":63,"column":56}}]},"4":{"type":"branch","line":63,"loc":{"start":{"line":63,"column":47},"end":{"line":63,"column":73}},"locations":[{"start":{"line":63,"column":47},"end":{"line":63,"column":73}}]},"5":{"type":"branch","line":64,"loc":{"start":{"line":64,"column":48},"end":{"line":64,"column":76}},"locations":[{"start":{"line":64,"column":48},"end":{"line":64,"column":76}}]},"6":{"type":"branch","line":65,"loc":{"start":{"line":65,"column":48},"end":{"line":65,"column":70}},"locations":[{"start":{"line":65,"column":48},"end":{"line":65,"column":70}}]},"7":{"type":"branch","line":69,"loc":{"start":{"line":69,"column":19},"end":{"line":69,"column":117}},"locations":[{"start":{"line":69,"column":19},"end":{"line":69,"column":117}}]},"8":{"type":"branch","line":83,"loc":{"start":{"line":83,"column":15},"end":{"line":83,"column":42}},"locations":[{"start":{"line":83,"column":15},"end":{"line":83,"column":42}}]},"9":{"type":"branch","line":83,"loc":{"start":{"line":83,"column":37},"end":{"line":83,"column":57}},"locations":[{"start":{"line":83,"column":37},"end":{"line":83,"column":57}}]},"10":{"type":"branch","line":84,"loc":{"start":{"line":84,"column":15},"end":{"line":84,"column":54}},"locations":[{"start":{"line":84,"column":15},"end":{"line":84,"column":54}}]},"11":{"type":"branch","line":84,"loc":{"start":{"line":84,"column":28},"end":{"line":84,"column":80}},"locations":[{"start":{"line":84,"column":28},"end":{"line":84,"column":80}}]},"12":{"type":"branch","line":26,"loc":{"start":{"line":26,"column":41},"end":{"line":26,"column":61}},"locations":[{"start":{"line":26,"column":41},"end":{"line":26,"column":61}}]},"13":{"type":"branch","line":36,"loc":{"start":{"line":36,"column":24},"end":{"line":39,"column":4}},"locations":[{"start":{"line":36,"column":24},"end":{"line":39,"column":4}}]},"14":{"type":"branch","line":41,"loc":{"start":{"line":41,"column":31},"end":{"line":47,"column":4}},"locations":[{"start":{"line":41,"column":31},"end":{"line":47,"column":4}}]},"15":{"type":"branch","line":42,"loc":{"start":{"line":42,"column":20},"end":{"line":46,"column":5}},"locations":[{"start":{"line":42,"column":20},"end":{"line":46,"column":5}}]},"16":{"type":"branch","line":49,"loc":{"start":{"line":49,"column":27},"end":{"line":52,"column":4}},"locations":[{"start":{"line":49,"column":27},"end":{"line":52,"column":4}}]}},"b":{"0":[6],"1":[0],"2":[1],"3":[5],"4":[0],"5":[0],"6":[0],"7":[0],"8":[1],"9":[4],"10":[1],"11":[4],"12":[1],"13":[1],"14":[2],"15":[1],"16":[1]},"fnMap":{"0":{"name":"MovieDetailsPage","decl":{"start":{"line":21,"column":35},"end":{"line":96,"column":2}},"loc":{"start":{"line":21,"column":35},"end":{"line":96,"column":2}},"line":21},"1":{"name":"handleComment","decl":{"start":{"line":36,"column":24},"end":{"line":39,"column":4}},"loc":{"start":{"line":36,"column":24},"end":{"line":39,"column":4}},"line":36},"2":{"name":"handleFavoriteToggle","decl":{"start":{"line":41,"column":31},"end":{"line":47,"column":4}},"loc":{"start":{"line":41,"column":31},"end":{"line":47,"column":4}},"line":41},"3":{"name":"handleWatchMovie","decl":{"start":{"line":49,"column":27},"end":{"line":52,"column":4}},"loc":{"start":{"line":49,"column":27},"end":{"line":52,"column":4}},"line":49}},"f":{"0":6,"1":1,"2":2,"3":1}}
,"/app/src/pages/MovieDetailsPage/styles.ts": {"path":"/app/src/pages/MovieDetailsPage/styles.ts","all":false,"statementMap":{"0":{"start":{"line":1,"column":0},"end":{"line":1,"column":39}},"2":{"start":{"line":3,"column":0},"end":{"line":3,"column":40}},"9":{"start":{"line":10,"column":0},"end":{"line":10,"column":36}},"21":{"start":{"line":22,"column":0},"end":{"line":22,"column":37}},"28":{"start":{"line":29,"column":0},"end":{"line":29,"column":39}},"34":{"start":{"line":35,"column":0},"end":{"line":35,"column":36}},"45":{"start":{"line":46,"column":0},"end":{"line":46,"column":38}},"51":{"start":{"line":52,"column":0},"end":{"line":52,"column":36}},"59":{"start":{"line":60,"column":0},"end":{"line":60,"column":41}},"66":{"start":{"line":67,"column":0},"end":{"line":67,"column":40}},"73":{"start":{"line":74,"column":0},"end":{"line":74,"column":87}},"85":{"start":{"line":86,"column":0},"end":{"line":86,"column":30}},"92":{"start":{"line":93,"column":0},"end":{"line":93,"column":7}},"93":{"start":{"line":94,"column":0},"end":{"line":94,"column":60}},"94":{"start":{"line":95,"column":0},"end":{"line":95,"column":50}},"95":{"start":{"line":96,"column":0},"end":{"line":96,"column":63}},"98":{"start":{"line":99,"column":0},"end":{"line":99,"column":62}},"99":{"start":{"line":100,"column":0},"end":{"line":100,"column":64}},"101":{"start":{"line":102,"column":0},"end":{"line":102,"column":4}},"117":{"start":{"line":118,"column":0},"end":{"line":118,"column":46}},"123":{"start":{"line":124,"column":0},"end":{"line":124,"column":38}}},"s":{"0":1,"2":1,"9":1,"21":1,"28":1,"34":1,"45":1,"51":1,"59":1,"66":1,"73":1,"85":1,"92":5,"93":5,"94":5,"95":5,"98":5,"99":5,"101":1,"117":1,"123":1},"branchMap":{"0":{"type":"branch","line":86,"loc":{"start":{"line":86,"column":4},"end":{"line":100,"column":64}},"locations":[{"start":{"line":86,"column":4},"end":{"line":100,"column":64}}]},"1":{"type":"branch","line":86,"loc":{"start":{"line":86,"column":19},"end":{"line":86,"column":30}},"locations":[{"start":{"line":86,"column":19},"end":{"line":86,"column":30}}]},"2":{"type":"branch","line":86,"loc":{"start":{"line":86,"column":29},"end":{"line":100,"column":64}},"locations":[{"start":{"line":86,"column":29},"end":{"line":100,"column":64}}]},"3":{"type":"branch","line":94,"loc":{"start":{"line":94,"column":24},"end":{"line":94,"column":49}},"locations":[{"start":{"line":94,"column":24},"end":{"line":94,"column":49}}]},"4":{"type":"branch","line":94,"loc":{"start":{"line":94,"column":37},"end":{"line":94,"column":58}},"locations":[{"start":{"line":94,"column":37},"end":{"line":94,"column":58}}]},"5":{"type":"branch","line":95,"loc":{"start":{"line":95,"column":19},"end":{"line":95,"column":42}},"locations":[{"start":{"line":95,"column":19},"end":{"line":95,"column":42}}]},"6":{"type":"branch","line":95,"loc":{"start":{"line":95,"column":32},"end":{"line":95,"column":48}},"locations":[{"start":{"line":95,"column":32},"end":{"line":95,"column":48}}]},"7":{"type":"branch","line":96,"loc":{"start":{"line":96,"column":30},"end":{"line":96,"column":55}},"locations":[{"start":{"line":96,"column":30},"end":{"line":96,"column":55}}]},"8":{"type":"branch","line":96,"loc":{"start":{"line":96,"column":43},"end":{"line":96,"column":61}},"locations":[{"start":{"line":96,"column":43},"end":{"line":96,"column":61}}]},"9":{"type":"branch","line":99,"loc":{"start":{"line":99,"column":26},"end":{"line":99,"column":51}},"locations":[{"start":{"line":99,"column":26},"end":{"line":99,"column":51}}]},"10":{"type":"branch","line":99,"loc":{"start":{"line":99,"column":39},"end":{"line":99,"column":60}},"locations":[{"start":{"line":99,"column":39},"end":{"line":99,"column":60}}]},"11":{"type":"branch","line":100,"loc":{"start":{"line":100,"column":28},"end":{"line":100,"column":53}},"locations":[{"start":{"line":100,"column":28},"end":{"line":100,"column":53}}]},"12":{"type":"branch","line":100,"loc":{"start":{"line":100,"column":41},"end":{"line":100,"column":62}},"locations":[{"start":{"line":100,"column":41},"end":{"line":100,"column":62}}]}},"b":{"0":[10],"1":[5],"2":[5],"3":[1],"4":[4],"5":[1],"6":[4],"7":[1],"8":[4],"9":[1],"10":[4],"11":[1],"12":[4]},"fnMap":{},"f":{}}
,"/app/src/pages/RegisterPage/index.tsx": {"path":"/app/src/pages/RegisterPage/index.tsx","all":false,"statementMap":{"0":{"start":{"line":1,"column":0},"end":{"line":1,"column":40}},"1":{"start":{"line":2,"column":0},"end":{"line":2,"column":47}},"2":{"start":{"line":3,"column":0},"end":{"line":3,"column":53}},"3":{"start":{"line":4,"column":0},"end":{"line":4,"column":57}},"4":{"start":{"line":5,"column":0},"end":{"line":5,"column":41}},"6":{"start":{"line":7,"column":0},"end":{"line":7,"column":38}},"7":{"start":{"line":8,"column":0},"end":{"line":8,"column":33}},"8":{"start":{"line":9,"column":0},"end":{"line":9,"column":33}},"9":{"start":{"line":10,"column":0},"end":{"line":10,"column":52}},"11":{"start":{"line":12,"column":0},"end":{"line":12,"column":108}},"12":{"start":{"line":13,"column":0},"end":{"line":13,"column":39}},"13":{"start":{"line":14,"column":0},"end":{"line":14,"column":40}},"14":{"start":{"line":15,"column":0},"end":{"line":15,"column":13}},"15":{"start":{"line":16,"column":0},"end":{"line":16,"column":5}},"17":{"start":{"line":18,"column":0},"end":{"line":18,"column":23}},"18":{"start":{"line":19,"column":0},"end":{"line":19,"column":9}},"19":{"start":{"line":20,"column":0},"end":{"line":20,"column":44}},"20":{"start":{"line":21,"column":0},"end":{"line":21,"column":47}},"21":{"start":{"line":22,"column":0},"end":{"line":22,"column":20}},"22":{"start":{"line":23,"column":0},"end":{"line":23,"column":21}},"23":{"start":{"line":24,"column":0},"end":{"line":24,"column":48}},"24":{"start":{"line":25,"column":0},"end":{"line":25,"column":59}},"25":{"start":{"line":26,"column":0},"end":{"line":26,"column":15}},"26":{"start":{"line":27,"column":0},"end":{"line":27,"column":26}},"27":{"start":{"line":28,"column":0},"end":{"line":28,"column":5}},"28":{"start":{"line":29,"column":0},"end":{"line":29,"column":4}},"30":{"start":{"line":31,"column":0},"end":{"line":31,"column":10}},"31":{"start":{"line":32,"column":0},"end":{"line":32,"column":19}},"32":{"start":{"line":33,"column":0},"end":{"line":33,"column":70}},"33":{"start":{"line":34,"column":0},"end":{"line":34,"column":20}},"35":{"start":{"line":36,"column":0},"end":{"line":36,"column":2}},"37":{"start":{"line":38,"column":0},"end":{"line":38,"column":28}}},"s":{"0":1,"1":1,"2":1,"3":1,"4":1,"6":1,"7":9,"8":9,"9":9,"11":9,"12":3,"13":0,"14":0,"15":0,"17":3,"18":3,"19":3,"20":1,"21":1,"22":1,"23":1,"24":1,"25":3,"26":2,"27":2,"28":3,"30":9,"31":9,"32":9,"33":9,"35":9,"37":1},"branchMap":{"0":{"type":"branch","line":7,"loc":{"start":{"line":7,"column":31},"end":{"line":36,"column":2}},"locations":[{"start":{"line":7,"column":31},"end":{"line":36,"column":2}}]},"1":{"type":"branch","line":12,"loc":{"start":{"line":12,"column":25},"end":{"line":29,"column":4}},"locations":[{"start":{"line":12,"column":25},"end":{"line":29,"column":4}}]},"2":{"type":"branch","line":13,"loc":{"start":{"line":13,"column":38},"end":{"line":16,"column":5}},"locations":[{"start":{"line":13,"column":38},"end":{"line":16,"column":5}}]},"3":{"type":"branch","line":20,"loc":{"start":{"line":20,"column":42},"end":{"line":26,"column":6}},"locations":[{"start":{"line":20,"column":42},"end":{"line":26,"column":6}}]},"4":{"type":"branch","line":26,"loc":{"start":{"line":26,"column":4},"end":{"line":28,"column":5}},"locations":[{"start":{"line":26,"column":4},"end":{"line":28,"column":5}}]}},"b":{"0":[9],"1":[3],"2":[0],"3":[1],"4":[2]},"fnMap":{"0":{"name":"RegisterPage","decl":{"start":{"line":7,"column":31},"end":{"line":36,"column":2}},"loc":{"start":{"line":7,"column":31},"end":{"line":36,"column":2}},"line":7},"1":{"name":"handleRegister","decl":{"start":{"line":12,"column":25},"end":{"line":29,"column":4}},"loc":{"start":{"line":12,"column":25},"end":{"line":29,"column":4}},"line":12}},"f":{"0":9,"1":3}}
,"/app/src/pages/RegisterPage/styles.ts": {"path":"/app/src/pages/RegisterPage/styles.ts","all":false,"statementMap":{"0":{"start":{"line":1,"column":0},"end":{"line":1,"column":39}},"2":{"start":{"line":3,"column":0},"end":{"line":3,"column":40}}},"s":{"0":1,"2":1},"branchMap":{},"b":{},"fnMap":{},"f":{}}
,"/app/src/routes/PrivateRoute.tsx": {"path":"/app/src/routes/PrivateRoute.tsx","all":true,"statementMap":{"0":{"start":{"line":1,"column":0},"end":{"line":1,"column":26}},"1":{"start":{"line":2,"column":0},"end":{"line":2,"column":57}},"2":{"start":{"line":3,"column":0},"end":{"line":3,"column":50}},"8":{"start":{"line":9,"column":0},"end":{"line":9,"column":69}},"9":{"start":{"line":10,"column":0},"end":{"line":10,"column":49}},"10":{"start":{"line":11,"column":0},"end":{"line":11,"column":33}},"12":{"start":{"line":13,"column":0},"end":{"line":13,"column":16}},"13":{"start":{"line":14,"column":0},"end":{"line":14,"column":12}},"14":{"start":{"line":15,"column":0},"end":{"line":15,"column":20}},"15":{"start":{"line":16,"column":0},"end":{"line":16,"column":25}},"16":{"start":{"line":17,"column":0},"end":{"line":17,"column":34}},"17":{"start":{"line":18,"column":0},"end":{"line":18,"column":30}},"18":{"start":{"line":19,"column":0},"end":{"line":19,"column":23}},"19":{"start":{"line":20,"column":0},"end":{"line":20,"column":9}},"20":{"start":{"line":21,"column":0},"end":{"line":21,"column":28}},"21":{"start":{"line":22,"column":0},"end":{"line":22,"column":12}},"23":{"start":{"line":24,"column":0},"end":{"line":24,"column":3}},"25":{"start":{"line":26,"column":0},"end":{"line":26,"column":25}},"27":{"start":{"line":28,"column":0},"end":{"line":28,"column":71}},"28":{"start":{"line":29,"column":0},"end":{"line":29,"column":3}},"30":{"start":{"line":31,"column":0},"end":{"line":31,"column":25}},"31":{"start":{"line":32,"column":0},"end":{"line":32,"column":2}},"33":{"start":{"line":34,"column":0},"end":{"line":34,"column":28}}},"s":{"0":0,"1":0,"2":0,"8":0,"9":0,"10":0,"12":0,"13":0,"14":0,"15":0,"16":0,"17":0,"18":0,"19":0,"20":0,"21":0,"23":0,"25":0,"27":0,"28":0,"30":0,"31":0,"33":0},"branchMap":{"0":{"type":"branch","line":1,"loc":{"start":{"line":1,"column":751},"end":{"line":34,"column":28}},"locations":[{"start":{"line":1,"column":751},"end":{"line":34,"column":28}}]}},"b":{"0":[0]},"fnMap":{"0":{"name":"(empty-report)","decl":{"start":{"line":1,"column":751},"end":{"line":34,"column":28}},"loc":{"start":{"line":1,"column":751},"end":{"line":34,"column":28}},"line":1}},"f":{"0":0}}
,"/app/src/routes/index.tsx": {"path":"/app/src/routes/index.tsx","all":true,"statementMap":{"0":{"start":{"line":1,"column":0},"end":{"line":1,"column":26}},"1":{"start":{"line":2,"column":0},"end":{"line":2,"column":59}},"2":{"start":{"line":3,"column":0},"end":{"line":3,"column":42}},"3":{"start":{"line":4,"column":0},"end":{"line":4,"column":42}},"6":{"start":{"line":7,"column":0},"end":{"line":7,"column":41}},"7":{"start":{"line":8,"column":0},"end":{"line":8,"column":43}},"8":{"start":{"line":9,"column":0},"end":{"line":9,"column":49}},"9":{"start":{"line":10,"column":0},"end":{"line":10,"column":47}},"10":{"start":{"line":11,"column":0},"end":{"line":11,"column":57}},"13":{"start":{"line":14,"column":0},"end":{"line":14,"column":51}},"14":{"start":{"line":15,"column":0},"end":{"line":15,"column":47}},"16":{"start":{"line":17,"column":0},"end":{"line":17,"column":35}},"17":{"start":{"line":18,"column":0},"end":{"line":18,"column":10}},"18":{"start":{"line":19,"column":0},"end":{"line":19,"column":12}},"19":{"start":{"line":20,"column":0},"end":{"line":20,"column":14}},"21":{"start":{"line":22,"column":0},"end":{"line":22,"column":49}},"22":{"start":{"line":23,"column":0},"end":{"line":23,"column":55}},"23":{"start":{"line":24,"column":0},"end":{"line":24,"column":61}},"24":{"start":{"line":25,"column":0},"end":{"line":25,"column":59}},"25":{"start":{"line":26,"column":0},"end":{"line":26,"column":66}},"28":{"start":{"line":29,"column":0},"end":{"line":29,"column":15}},"29":{"start":{"line":30,"column":0},"end":{"line":30,"column":28}},"30":{"start":{"line":31,"column":0},"end":{"line":31,"column":19}},"31":{"start":{"line":32,"column":0},"end":{"line":32,"column":26}},"32":{"start":{"line":33,"column":0},"end":{"line":33,"column":31}},"33":{"start":{"line":34,"column":0},"end":{"line":34,"column":27}},"35":{"start":{"line":36,"column":0},"end":{"line":36,"column":10}},"36":{"start":{"line":37,"column":0},"end":{"line":37,"column":15}},"37":{"start":{"line":38,"column":0},"end":{"line":38,"column":28}},"38":{"start":{"line":39,"column":0},"end":{"line":39,"column":19}},"39":{"start":{"line":40,"column":0},"end":{"line":40,"column":26}},"40":{"start":{"line":41,"column":0},"end":{"line":41,"column":29}},"41":{"start":{"line":42,"column":0},"end":{"line":42,"column":27}},"43":{"start":{"line":44,"column":0},"end":{"line":44,"column":10}},"46":{"start":{"line":47,"column":0},"end":{"line":47,"column":64}},"47":{"start":{"line":48,"column":0},"end":{"line":48,"column":15}},"48":{"start":{"line":49,"column":0},"end":{"line":49,"column":13}},"50":{"start":{"line":51,"column":0},"end":{"line":51,"column":2}},"52":{"start":{"line":53,"column":0},"end":{"line":53,"column":25}}},"s":{"0":0,"1":0,"2":0,"3":0,"6":0,"7":0,"8":0,"9":0,"10":0,"13":0,"14":0,"16":0,"17":0,"18":0,"19":0,"21":0,"22":0,"23":0,"24":0,"25":0,"28":0,"29":0,"30":0,"31":0,"32":0,"33":0,"35":0,"36":0,"37":0,"38":0,"39":0,"40":0,"41":0,"43":0,"46":0,"47":0,"48":0,"50":0,"52":0},"branchMap":{"0":{"type":"branch","line":1,"loc":{"start":{"line":1,"column":1520},"end":{"line":53,"column":25}},"locations":[{"start":{"line":1,"column":1520},"end":{"line":53,"column":25}}]}},"b":{"0":[0]},"fnMap":{"0":{"name":"(empty-report)","decl":{"start":{"line":1,"column":1520},"end":{"line":53,"column":25}},"loc":{"start":{"line":1,"column":1520},"end":{"line":53,"column":25}},"line":1}},"f":{"0":0}}
,"/app/src/styles/GlobalStyle.ts": {"path":"/app/src/styles/GlobalStyle.ts","all":true,"statementMap":{"0":{"start":{"line":1,"column":0},"end":{"line":1,"column":54}},"2":{"start":{"line":3,"column":0},"end":{"line":3,"column":46}}},"s":{"0":0,"2":0},"branchMap":{"0":{"type":"branch","line":1,"loc":{"start":{"line":1,"column":3058},"end":{"line":194,"column":2}},"locations":[{"start":{"line":1,"column":3058},"end":{"line":194,"column":2}}]}},"b":{"0":[0]},"fnMap":{"0":{"name":"(empty-report)","decl":{"start":{"line":1,"column":3058},"end":{"line":194,"column":2}},"loc":{"start":{"line":1,"column":3058},"end":{"line":194,"column":2}},"line":1}},"f":{"0":0}}
,"/app/src/types/index.ts": {"path":"/app/src/types/index.ts","all":true,"statementMap":{},"s":{},"branchMap":{"0":{"type":"branch","line":1,"loc":{"start":{"line":1,"column":1757},"end":{"line":84,"column":26}},"locations":[{"start":{"line":1,"column":1757},"end":{"line":84,"column":26}}]}},"b":{"0":[1]},"fnMap":{"0":{"name":"(empty-report)","decl":{"start":{"line":1,"column":1757},"end":{"line":84,"column":26}},"loc":{"start":{"line":1,"column":1757},"end":{"line":84,"column":26}},"line":1}},"f":{"0":1}}
}
